{"C:\\Users\\Sir-Lord\\Documents\\GitHub\\Authentication\\src\\server.ts": {"path":"C:\\Users\\Sir-Lord\\Documents\\GitHub\\Authentication\\src\\server.ts","statementMap":{"0":{"start":{"line":1,"column":0},"end":{"line":1,"column":29}},"1":{"start":{"line":3,"column":0},"end":{"line":3,"column":28}},"2":{"start":{"line":4,"column":0},"end":{"line":4,"column":41}},"3":{"start":{"line":5,"column":0},"end":{"line":5,"column":23}},"4":{"start":{"line":6,"column":0},"end":{"line":6,"column":41}},"5":{"start":{"line":7,"column":0},"end":{"line":7,"column":54}},"6":{"start":{"line":8,"column":0},"end":{"line":8,"column":63}},"7":{"start":{"line":9,"column":0},"end":{"line":9,"column":66}},"8":{"start":{"line":15,"column":8},"end":{"line":15,"column":29}},"9":{"start":{"line":16,"column":8},"end":{"line":16,"column":28}},"10":{"start":{"line":17,"column":8},"end":{"line":17,"column":32}},"11":{"start":{"line":21,"column":8},"end":{"line":21,"column":29}},"12":{"start":{"line":22,"column":8},"end":{"line":22,"column":null}},"13":{"start":{"line":23,"column":8},"end":{"line":23,"column":40}},"14":{"start":{"line":24,"column":8},"end":{"line":24,"column":64}},"15":{"start":{"line":25,"column":8},"end":{"line":25,"column":null}},"16":{"start":{"line":29,"column":28},"end":{"line":29,"column":81}},"17":{"start":{"line":30,"column":8},"end":{"line":40,"column":11}},"18":{"start":{"line":11,"column":0},"end":{"line":11,"column":21}}},"fnMap":{"0":{"name":"(anonymous_14)","decl":{"start":{"line":14,"column":4},"end":{"line":14,"column":null}},"loc":{"start":{"line":14,"column":4},"end":{"line":18,"column":5}}},"1":{"name":"(anonymous_15)","decl":{"start":{"line":20,"column":4},"end":{"line":20,"column":16}},"loc":{"start":{"line":20,"column":16},"end":{"line":26,"column":5}}},"2":{"name":"(anonymous_16)","decl":{"start":{"line":28,"column":10},"end":{"line":28,"column":26}},"loc":{"start":{"line":28,"column":26},"end":{"line":41,"column":null}}}},"branchMap":{},"s":{"0":1,"1":1,"2":1,"3":1,"4":1,"5":1,"6":1,"7":1,"8":1,"9":1,"10":1,"11":1,"12":1,"13":1,"14":1,"15":1,"16":1,"17":1,"18":1},"f":{"0":1,"1":1,"2":1},"b":{}}
,"C:\\Users\\Sir-Lord\\Documents\\GitHub\\Authentication\\src\\config\\cookies.config.ts": {"path":"C:\\Users\\Sir-Lord\\Documents\\GitHub\\Authentication\\src\\config\\cookies.config.ts","statementMap":{"0":{"start":{"line":1,"column":0},"end":{"line":1,"column":30}},"1":{"start":{"line":10,"column":8},"end":{"line":10,"column":null}},"2":{"start":{"line":11,"column":8},"end":{"line":11,"column":null}},"3":{"start":{"line":15,"column":2},"end":{"line":15,"column":46}}},"fnMap":{"0":{"name":"(anonymous_0)","decl":{"start":{"line":9,"column":4},"end":{"line":9,"column":16}},"loc":{"start":{"line":9,"column":42},"end":{"line":12,"column":5}}}},"branchMap":{},"s":{"0":1,"1":1,"2":1,"3":1},"f":{"0":1},"b":{}}
,"C:\\Users\\Sir-Lord\\Documents\\GitHub\\Authentication\\src\\config\\db.config.ts": {"path":"C:\\Users\\Sir-Lord\\Documents\\GitHub\\Authentication\\src\\config\\db.config.ts","statementMap":{"0":{"start":{"line":1,"column":0},"end":{"line":1,"column":30}},"1":{"start":{"line":15,"column":6},"end":{"line":15,"column":null}},"2":{"start":{"line":16,"column":6},"end":{"line":16,"column":null}},"3":{"start":{"line":17,"column":6},"end":{"line":17,"column":null}},"4":{"start":{"line":18,"column":6},"end":{"line":18,"column":null}},"5":{"start":{"line":19,"column":6},"end":{"line":19,"column":null}},"6":{"start":{"line":20,"column":6},"end":{"line":20,"column":null}},"7":{"start":{"line":21,"column":6},"end":{"line":21,"column":null}},"8":{"start":{"line":25,"column":2},"end":{"line":25,"column":41}}},"fnMap":{"0":{"name":"(anonymous_0)","decl":{"start":{"line":13,"column":4},"end":{"line":13,"column":16}},"loc":{"start":{"line":13,"column":42},"end":{"line":22,"column":5}}}},"branchMap":{},"s":{"0":1,"1":1,"2":1,"3":1,"4":1,"5":1,"6":1,"7":1,"8":1},"f":{"0":1},"b":{}}
,"C:\\Users\\Sir-Lord\\Documents\\GitHub\\Authentication\\src\\config\\index.ts": {"path":"C:\\Users\\Sir-Lord\\Documents\\GitHub\\Authentication\\src\\config\\index.ts","statementMap":{"0":{"start":{"line":1,"column":0},"end":{"line":1,"column":44}},"1":{"start":{"line":2,"column":0},"end":{"line":2,"column":78}},"2":{"start":{"line":4,"column":12},"end":{"line":12,"column":2}},"3":{"start":{"line":14,"column":13},"end":{"line":14,"column":null}},"4":{"start":{"line":16,"column":0},"end":{"line":16,"column":9}},"5":{"start":{"line":16,"column":9},"end":{"line":16,"column":28}},"6":{"start":{"line":17,"column":0},"end":{"line":17,"column":9}},"7":{"start":{"line":17,"column":9},"end":{"line":17,"column":33}},"8":{"start":{"line":18,"column":0},"end":{"line":18,"column":9}},"9":{"start":{"line":18,"column":9},"end":{"line":18,"column":31}},"10":{"start":{"line":19,"column":0},"end":{"line":19,"column":9}},"11":{"start":{"line":19,"column":9},"end":{"line":19,"column":31}},"12":{"start":{"line":20,"column":0},"end":{"line":20,"column":9}},"13":{"start":{"line":20,"column":9},"end":{"line":20,"column":29}},"14":{"start":{"line":21,"column":0},"end":{"line":21,"column":9}},"15":{"start":{"line":21,"column":9},"end":{"line":21,"column":31}}},"fnMap":{"0":{"name":"(anonymous_1)","decl":{"start":{"line":16,"column":9},"end":{"line":16,"column":16}},"loc":{"start":{"line":16,"column":9},"end":{"line":16,"column":28}}},"1":{"name":"(anonymous_2)","decl":{"start":{"line":17,"column":9},"end":{"line":17,"column":16}},"loc":{"start":{"line":17,"column":9},"end":{"line":17,"column":33}}},"2":{"name":"(anonymous_3)","decl":{"start":{"line":18,"column":9},"end":{"line":18,"column":16}},"loc":{"start":{"line":18,"column":9},"end":{"line":18,"column":31}}},"3":{"name":"(anonymous_4)","decl":{"start":{"line":19,"column":9},"end":{"line":19,"column":16}},"loc":{"start":{"line":19,"column":9},"end":{"line":19,"column":31}}},"4":{"name":"(anonymous_5)","decl":{"start":{"line":20,"column":9},"end":{"line":20,"column":16}},"loc":{"start":{"line":20,"column":9},"end":{"line":20,"column":29}}},"5":{"name":"(anonymous_6)","decl":{"start":{"line":21,"column":9},"end":{"line":21,"column":16}},"loc":{"start":{"line":21,"column":9},"end":{"line":21,"column":31}}}},"branchMap":{},"s":{"0":1,"1":1,"2":1,"3":1,"4":1,"5":2,"6":1,"7":1,"8":1,"9":1,"10":1,"11":1,"12":1,"13":1,"14":1,"15":4},"f":{"0":1,"1":0,"2":0,"3":0,"4":0,"5":3},"b":{}}
,"C:\\Users\\Sir-Lord\\Documents\\GitHub\\Authentication\\src\\config\\jwt.config.ts": {"path":"C:\\Users\\Sir-Lord\\Documents\\GitHub\\Authentication\\src\\config\\jwt.config.ts","statementMap":{"0":{"start":{"line":1,"column":0},"end":{"line":1,"column":19}},"1":{"start":{"line":2,"column":0},"end":{"line":2,"column":30}},"2":{"start":{"line":16,"column":6},"end":{"line":16,"column":null}},"3":{"start":{"line":17,"column":6},"end":{"line":17,"column":null}},"4":{"start":{"line":18,"column":6},"end":{"line":19,"column":null}},"5":{"start":{"line":20,"column":6},"end":{"line":20,"column":null}},"6":{"start":{"line":21,"column":6},"end":{"line":21,"column":null}},"7":{"start":{"line":22,"column":6},"end":{"line":22,"column":null}},"8":{"start":{"line":26,"column":29},"end":{"line":26,"column":63}},"9":{"start":{"line":27,"column":31},"end":{"line":27,"column":62}},"10":{"start":{"line":29,"column":8},"end":{"line":29,"column":null}},"11":{"start":{"line":33,"column":28},"end":{"line":33,"column":61}},"12":{"start":{"line":34,"column":30},"end":{"line":34,"column":60}},"13":{"start":{"line":36,"column":6},"end":{"line":36,"column":null}},"14":{"start":{"line":40,"column":2},"end":{"line":40,"column":42}}},"fnMap":{"0":{"name":"(anonymous_1)","decl":{"start":{"line":15,"column":4},"end":{"line":15,"column":16}},"loc":{"start":{"line":15,"column":42},"end":{"line":23,"column":5}}},"1":{"name":"(anonymous_2)","decl":{"start":{"line":25,"column":12},"end":{"line":25,"column":31}},"loc":{"start":{"line":25,"column":31},"end":{"line":30,"column":5}}},"2":{"name":"(anonymous_3)","decl":{"start":{"line":32,"column":12},"end":{"line":32,"column":30}},"loc":{"start":{"line":32,"column":30},"end":{"line":37,"column":5}}}},"branchMap":{},"s":{"0":1,"1":1,"2":1,"3":1,"4":1,"5":1,"6":1,"7":1,"8":1,"9":1,"10":1,"11":1,"12":1,"13":1,"14":1},"f":{"0":1,"1":1,"2":1},"b":{}}
,"C:\\Users\\Sir-Lord\\Documents\\GitHub\\Authentication\\src\\config\\mail.config.ts": {"path":"C:\\Users\\Sir-Lord\\Documents\\GitHub\\Authentication\\src\\config\\mail.config.ts","statementMap":{"0":{"start":{"line":1,"column":0},"end":{"line":1,"column":30}},"1":{"start":{"line":9,"column":4},"end":{"line":9,"column":null}},"2":{"start":{"line":13,"column":0},"end":{"line":13,"column":42}}},"fnMap":{"0":{"name":"(anonymous_0)","decl":{"start":{"line":8,"column":2},"end":{"line":8,"column":14}},"loc":{"start":{"line":8,"column":40},"end":{"line":10,"column":3}}}},"branchMap":{},"s":{"0":1,"1":1,"2":1},"f":{"0":1},"b":{}}
,"C:\\Users\\Sir-Lord\\Documents\\GitHub\\Authentication\\src\\config\\oauth.config.ts": {"path":"C:\\Users\\Sir-Lord\\Documents\\GitHub\\Authentication\\src\\config\\oauth.config.ts","statementMap":{"0":{"start":{"line":1,"column":0},"end":{"line":1,"column":30}},"1":{"start":{"line":11,"column":6},"end":{"line":11,"column":null}},"2":{"start":{"line":12,"column":6},"end":{"line":12,"column":null}},"3":{"start":{"line":13,"column":6},"end":{"line":13,"column":null}},"4":{"start":{"line":17,"column":2},"end":{"line":17,"column":44}}},"fnMap":{"0":{"name":"(anonymous_0)","decl":{"start":{"line":9,"column":4},"end":{"line":9,"column":16}},"loc":{"start":{"line":9,"column":42},"end":{"line":14,"column":5}}}},"branchMap":{},"s":{"0":1,"1":1,"2":1,"3":1,"4":1},"f":{"0":1},"b":{}}
,"C:\\Users\\Sir-Lord\\Documents\\GitHub\\Authentication\\src\\config\\redis.config.ts": {"path":"C:\\Users\\Sir-Lord\\Documents\\GitHub\\Authentication\\src\\config\\redis.config.ts","statementMap":{"0":{"start":{"line":1,"column":0},"end":{"line":1,"column":30}},"1":{"start":{"line":14,"column":4},"end":{"line":14,"column":null}},"2":{"start":{"line":15,"column":4},"end":{"line":15,"column":null}},"3":{"start":{"line":16,"column":4},"end":{"line":16,"column":null}},"4":{"start":{"line":17,"column":4},"end":{"line":17,"column":null}},"5":{"start":{"line":23,"column":0},"end":{"line":23,"column":42}}},"fnMap":{"0":{"name":"(anonymous_0)","decl":{"start":{"line":13,"column":2},"end":{"line":13,"column":14}},"loc":{"start":{"line":13,"column":39},"end":{"line":20,"column":3}}}},"branchMap":{},"s":{"0":1,"1":1,"2":1,"3":1,"4":1,"5":1},"f":{"0":1},"b":{}}
,"C:\\Users\\Sir-Lord\\Documents\\GitHub\\Authentication\\src\\core\\cache.core.ts": {"path":"C:\\Users\\Sir-Lord\\Documents\\GitHub\\Authentication\\src\\core\\cache.core.ts","statementMap":{"0":{"start":{"line":1,"column":0},"end":{"line":1,"column":39}},"1":{"start":{"line":2,"column":0},"end":{"line":2,"column":43}},"2":{"start":{"line":7,"column":25},"end":{"line":7,"column":104}},"3":{"start":{"line":15,"column":8},"end":{"line":20,"column":null}},"4":{"start":{"line":21,"column":8},"end":{"line":21,"column":null}},"5":{"start":{"line":22,"column":8},"end":{"line":22,"column":null}},"6":{"start":{"line":23,"column":8},"end":{"line":23,"column":null}},"7":{"start":{"line":27,"column":8},"end":{"line":29,"column":null}},"8":{"start":{"line":33,"column":8},"end":{"line":54,"column":null}},"9":{"start":{"line":34,"column":12},"end":{"line":36,"column":null}},"10":{"start":{"line":35,"column":16},"end":{"line":35,"column":null}},"11":{"start":{"line":37,"column":12},"end":{"line":43,"column":null}},"12":{"start":{"line":38,"column":16},"end":{"line":41,"column":null}},"13":{"start":{"line":39,"column":20},"end":{"line":39,"column":null}},"14":{"start":{"line":40,"column":20},"end":{"line":40,"column":null}},"15":{"start":{"line":42,"column":16},"end":{"line":42,"column":null}},"16":{"start":{"line":44,"column":12},"end":{"line":46,"column":null}},"17":{"start":{"line":45,"column":16},"end":{"line":45,"column":null}},"18":{"start":{"line":47,"column":12},"end":{"line":49,"column":null}},"19":{"start":{"line":48,"column":16},"end":{"line":48,"column":null}},"20":{"start":{"line":50,"column":12},"end":{"line":52,"column":null}},"21":{"start":{"line":51,"column":16},"end":{"line":51,"column":null}},"22":{"start":{"line":59,"column":8},"end":{"line":59,"column":null}},"23":{"start":{"line":60,"column":8},"end":{"line":60,"column":14}},"24":{"start":{"line":65,"column":8},"end":{"line":69,"column":null}},"25":{"start":{"line":66,"column":12},"end":{"line":68,"column":null}},"26":{"start":{"line":67,"column":16},"end":{"line":67,"column":null}},"27":{"start":{"line":9,"column":0},"end":{"line":9,"column":21}}},"fnMap":{"0":{"name":"(anonymous_7)","decl":{"start":{"line":14,"column":4},"end":{"line":14,"column":16}},"loc":{"start":{"line":14,"column":35},"end":{"line":24,"column":5}}},"1":{"name":"(anonymous_8)","decl":{"start":{"line":26,"column":4},"end":{"line":26,"column":16}},"loc":{"start":{"line":26,"column":30},"end":{"line":30,"column":5}}},"2":{"name":"(anonymous_9)","decl":{"start":{"line":32,"column":17},"end":{"line":32,"column":26}},"loc":{"start":{"line":32,"column":26},"end":{"line":55,"column":null}}},"3":{"name":"(anonymous_11)","decl":{"start":{"line":33,"column":27},"end":{"line":33,"column":28}},"loc":{"start":{"line":33,"column":47},"end":{"line":54,"column":9}}},"4":{"name":"(anonymous_12)","decl":{"start":{"line":34,"column":38},"end":{"line":34,"column":41}},"loc":{"start":{"line":34,"column":43},"end":{"line":36,"column":13}}},"5":{"name":"(anonymous_13)","decl":{"start":{"line":37,"column":36},"end":{"line":37,"column":39}},"loc":{"start":{"line":37,"column":41},"end":{"line":43,"column":13}}},"6":{"name":"(anonymous_14)","decl":{"start":{"line":44,"column":43},"end":{"line":44,"column":46}},"loc":{"start":{"line":44,"column":48},"end":{"line":46,"column":13}}},"7":{"name":"(anonymous_15)","decl":{"start":{"line":47,"column":34},"end":{"line":47,"column":37}},"loc":{"start":{"line":47,"column":39},"end":{"line":49,"column":13}}},"8":{"name":"(anonymous_16)","decl":{"start":{"line":50,"column":43},"end":{"line":50,"column":46}},"loc":{"start":{"line":50,"column":48},"end":{"line":52,"column":13}}},"9":{"name":"(anonymous_17)","decl":{"start":{"line":58,"column":17},"end":{"line":58,"column":22}},"loc":{"start":{"line":58,"column":22},"end":{"line":61,"column":null}}},"10":{"name":"(anonymous_19)","decl":{"start":{"line":64,"column":18},"end":{"line":64,"column":31}},"loc":{"start":{"line":64,"column":31},"end":{"line":70,"column":null}}},"11":{"name":"(anonymous_21)","decl":{"start":{"line":65,"column":27},"end":{"line":65,"column":28}},"loc":{"start":{"line":65,"column":47},"end":{"line":69,"column":9}}},"12":{"name":"(anonymous_22)","decl":{"start":{"line":66,"column":36},"end":{"line":66,"column":45}},"loc":{"start":{"line":66,"column":48},"end":{"line":68,"column":13}}}},"branchMap":{"0":{"loc":{"start":{"line":7,"column":25},"end":{"line":7,"column":104}},"type":"cond-expr","locations":[{"start":{"line":7,"column":60},"end":{"line":7,"column":83}},{"start":{"line":7,"column":86},"end":{"line":7,"column":104}}]},"1":{"loc":{"start":{"line":38,"column":16},"end":{"line":41,"column":null}},"type":"if","locations":[{"start":{"line":38,"column":16},"end":{"line":41,"column":null}}]}},"s":{"0":1,"1":1,"2":1,"3":1,"4":1,"5":1,"6":1,"7":1,"8":1,"9":1,"10":1,"11":1,"12":1,"13":1,"14":1,"15":1,"16":1,"17":0,"18":1,"19":0,"20":1,"21":0,"22":0,"23":0,"24":1,"25":1,"26":0,"27":1},"f":{"0":1,"1":1,"2":1,"3":1,"4":1,"5":1,"6":0,"7":0,"8":0,"9":0,"10":1,"11":1,"12":0},"b":{"0":[1,0],"1":[1]}}
,"C:\\Users\\Sir-Lord\\Documents\\GitHub\\Authentication\\src\\core\\queue.core.ts": {"path":"C:\\Users\\Sir-Lord\\Documents\\GitHub\\Authentication\\src\\core\\queue.core.ts","statementMap":{"0":{"start":{"line":1,"column":0},"end":{"line":1,"column":47}},"1":{"start":{"line":2,"column":0},"end":{"line":2,"column":20}},"2":{"start":{"line":3,"column":0},"end":{"line":3,"column":44}},"3":{"start":{"line":4,"column":0},"end":{"line":4,"column":40}},"4":{"start":{"line":6,"column":0},"end":{"line":6,"column":38}},"5":{"start":{"line":31,"column":8},"end":{"line":41,"column":11}},"6":{"start":{"line":42,"column":8},"end":{"line":42,"column":null}},"7":{"start":{"line":43,"column":8},"end":{"line":43,"column":null}},"8":{"start":{"line":44,"column":8},"end":{"line":44,"column":null}},"9":{"start":{"line":45,"column":8},"end":{"line":45,"column":null}},"10":{"start":{"line":46,"column":8},"end":{"line":46,"column":null}},"11":{"start":{"line":50,"column":8},"end":{"line":59,"column":10}},"12":{"start":{"line":83,"column":8},"end":{"line":99,"column":null}},"13":{"start":{"line":83,"column":52},"end":{"line":99,"column":10}},"14":{"start":{"line":84,"column":79},"end":{"line":84,"column":82}},"15":{"start":{"line":85,"column":32},"end":{"line":85,"column":37}},"16":{"start":{"line":86,"column":31},"end":{"line":97,"column":null}},"17":{"start":{"line":98,"column":12},"end":{"line":98,"column":null}},"18":{"start":{"line":101,"column":8},"end":{"line":103,"column":null}},"19":{"start":{"line":101,"column":57},"end":{"line":103,"column":10}},"20":{"start":{"line":102,"column":12},"end":{"line":102,"column":null}},"21":{"start":{"line":108,"column":8},"end":{"line":112,"column":null}},"22":{"start":{"line":109,"column":12},"end":{"line":111,"column":null}},"23":{"start":{"line":109,"column":61},"end":{"line":111,"column":14}},"24":{"start":{"line":110,"column":16},"end":{"line":110,"column":null}},"25":{"start":{"line":13,"column":0},"end":{"line":13,"column":21}}},"fnMap":{"0":{"name":"(anonymous_8)","decl":{"start":{"line":19,"column":4},"end":{"line":19,"column":null}},"loc":{"start":{"line":21,"column":66},"end":{"line":47,"column":5}}},"1":{"name":"(anonymous_9)","decl":{"start":{"line":49,"column":4},"end":{"line":49,"column":16}},"loc":{"start":{"line":49,"column":28},"end":{"line":60,"column":5}}},"2":{"name":"(anonymous_10)","decl":{"start":{"line":82,"column":12},"end":{"line":82,"column":25}},"loc":{"start":{"line":82,"column":25},"end":{"line":105,"column":5}}},"3":{"name":"(anonymous_11)","decl":{"start":{"line":83,"column":31},"end":{"line":83,"column":38}},"loc":{"start":{"line":83,"column":52},"end":{"line":99,"column":10}}},"4":{"name":"(anonymous_12)","decl":{"start":{"line":83,"column":52},"end":{"line":83,"column":null}},"loc":{"start":{"line":83,"column":52},"end":{"line":99,"column":9}}},"5":{"name":"(anonymous_13)","decl":{"start":{"line":101,"column":35},"end":{"line":101,"column":42}},"loc":{"start":{"line":101,"column":57},"end":{"line":103,"column":10}}},"6":{"name":"(anonymous_14)","decl":{"start":{"line":101,"column":57},"end":{"line":101,"column":null}},"loc":{"start":{"line":101,"column":57},"end":{"line":103,"column":9}}},"7":{"name":"(anonymous_15)","decl":{"start":{"line":107,"column":18},"end":{"line":107,"column":35}},"loc":{"start":{"line":107,"column":35},"end":{"line":113,"column":null}}},"8":{"name":"(anonymous_17)","decl":{"start":{"line":108,"column":27},"end":{"line":108,"column":28}},"loc":{"start":{"line":108,"column":47},"end":{"line":112,"column":9}}},"9":{"name":"(anonymous_18)","decl":{"start":{"line":109,"column":35},"end":{"line":109,"column":41}},"loc":{"start":{"line":109,"column":61},"end":{"line":111,"column":14}}},"10":{"name":"(anonymous_19)","decl":{"start":{"line":109,"column":61},"end":{"line":109,"column":null}},"loc":{"start":{"line":109,"column":61},"end":{"line":111,"column":13}}}},"branchMap":{},"s":{"0":1,"1":1,"2":1,"3":1,"4":1,"5":0,"6":0,"7":0,"8":0,"9":0,"10":0,"11":0,"12":0,"13":0,"14":0,"15":0,"16":0,"17":0,"18":0,"19":0,"20":0,"21":0,"22":0,"23":0,"24":0,"25":1},"f":{"0":0,"1":0,"2":0,"3":0,"4":0,"5":0,"6":0,"7":0,"8":0,"9":0,"10":0},"b":{}}
,"C:\\Users\\Sir-Lord\\Documents\\GitHub\\Authentication\\src\\db\\db.connection.ts": {"path":"C:\\Users\\Sir-Lord\\Documents\\GitHub\\Authentication\\src\\db\\db.connection.ts","statementMap":{"0":{"start":{"line":1,"column":0},"end":{"line":1,"column":76}},"1":{"start":{"line":2,"column":0},"end":{"line":2,"column":43}},"2":{"start":{"line":3,"column":0},"end":{"line":3,"column":36}},"3":{"start":{"line":5,"column":72},"end":{"line":5,"column":80}},"4":{"start":{"line":10,"column":8},"end":{"line":20,"column":null}},"5":{"start":{"line":24,"column":8},"end":{"line":28,"column":null}},"6":{"start":{"line":25,"column":12},"end":{"line":25,"column":null}},"7":{"start":{"line":26,"column":12},"end":{"line":26,"column":null}},"8":{"start":{"line":28,"column":20},"end":{"line":28,"column":39}},"9":{"start":{"line":32,"column":8},"end":{"line":36,"column":null}},"10":{"start":{"line":33,"column":12},"end":{"line":33,"column":null}},"11":{"start":{"line":34,"column":12},"end":{"line":34,"column":null}},"12":{"start":{"line":36,"column":19},"end":{"line":36,"column":37}},"13":{"start":{"line":40,"column":0},"end":{"line":40,"column":null}}},"fnMap":{"0":{"name":"(anonymous_7)","decl":{"start":{"line":9,"column":4},"end":{"line":9,"column":null}},"loc":{"start":{"line":9,"column":4},"end":{"line":21,"column":5}}},"1":{"name":"(anonymous_8)","decl":{"start":{"line":23,"column":10},"end":{"line":23,"column":12}},"loc":{"start":{"line":23,"column":12},"end":{"line":29,"column":null}}},"2":{"name":"(anonymous_10)","decl":{"start":{"line":31,"column":10},"end":{"line":31,"column":15}},"loc":{"start":{"line":31,"column":15},"end":{"line":37,"column":null}}}},"branchMap":{},"s":{"0":1,"1":1,"2":1,"3":1,"4":1,"5":1,"6":1,"7":1,"8":0,"9":1,"10":1,"11":1,"12":0,"13":1},"f":{"0":1,"1":1,"2":1},"b":{}}
,"C:\\Users\\Sir-Lord\\Documents\\GitHub\\Authentication\\src\\db\\index.ts": {"path":"C:\\Users\\Sir-Lord\\Documents\\GitHub\\Authentication\\src\\db\\index.ts","statementMap":{"0":{"start":{"line":1,"column":0},"end":{"line":1,"column":9}},"1":{"start":{"line":1,"column":9},"end":{"line":1,"column":22}}},"fnMap":{"0":{"name":"(anonymous_1)","decl":{"start":{"line":1,"column":9},"end":{"line":1,"column":16}},"loc":{"start":{"line":1,"column":9},"end":{"line":1,"column":22}}}},"branchMap":{},"s":{"0":1,"1":3},"f":{"0":2},"b":{}}
,"C:\\Users\\Sir-Lord\\Documents\\GitHub\\Authentication\\src\\helpers\\date.ts": {"path":"C:\\Users\\Sir-Lord\\Documents\\GitHub\\Authentication\\src\\helpers\\date.ts","statementMap":{"0":{"start":{"line":1,"column":0},"end":{"line":1,"column":20}},"1":{"start":{"line":2,"column":0},"end":{"line":2,"column":null}},"2":{"start":{"line":11,"column":0},"end":{"line":44,"column":5}},"3":{"start":{"line":12,"column":22},"end":{"line":18,"column":5}},"4":{"start":{"line":13,"column":8},"end":{"line":15,"column":null}},"5":{"start":{"line":14,"column":12},"end":{"line":14,"column":53}},"6":{"start":{"line":17,"column":8},"end":{"line":17,"column":21}},"7":{"start":{"line":20,"column":19},"end":{"line":22,"column":5}},"8":{"start":{"line":21,"column":8},"end":{"line":21,"column":48}},"9":{"start":{"line":24,"column":24},"end":{"line":24,"column":60}},"10":{"start":{"line":24,"column":51},"end":{"line":24,"column":60}},"11":{"start":{"line":26,"column":33},"end":{"line":31,"column":5}},"12":{"start":{"line":27,"column":8},"end":{"line":30,"column":10}},"13":{"start":{"line":33,"column":30},"end":{"line":35,"column":5}},"14":{"start":{"line":34,"column":8},"end":{"line":34,"column":72}},"15":{"start":{"line":37,"column":4},"end":{"line":43,"column":6}}},"fnMap":{"0":{"name":"(anonymous_1)","decl":{"start":{"line":11,"column":16},"end":{"line":11,"column":19}},"loc":{"start":{"line":11,"column":21},"end":{"line":44,"column":1}}},"1":{"name":"(anonymous_2)","decl":{"start":{"line":12,"column":22},"end":{"line":12,"column":24}},"loc":{"start":{"line":12,"column":89},"end":{"line":18,"column":5}}},"2":{"name":"(anonymous_3)","decl":{"start":{"line":20,"column":19},"end":{"line":20,"column":20}},"loc":{"start":{"line":20,"column":72},"end":{"line":22,"column":5}}},"3":{"name":"(anonymous_4)","decl":{"start":{"line":24,"column":24},"end":{"line":24,"column":25}},"loc":{"start":{"line":24,"column":51},"end":{"line":24,"column":60}}},"4":{"name":"(anonymous_5)","decl":{"start":{"line":26,"column":33},"end":{"line":26,"column":35}},"loc":{"start":{"line":26,"column":84},"end":{"line":31,"column":5}}},"5":{"name":"(anonymous_6)","decl":{"start":{"line":33,"column":30},"end":{"line":33,"column":31}},"loc":{"start":{"line":33,"column":64},"end":{"line":35,"column":5}}}},"branchMap":{"0":{"loc":{"start":{"line":13,"column":8},"end":{"line":15,"column":null}},"type":"if","locations":[{"start":{"line":13,"column":8},"end":{"line":15,"column":null}}]},"1":{"loc":{"start":{"line":13,"column":12},"end":{"line":13,"column":33}},"type":"binary-expr","locations":[{"start":{"line":13,"column":12},"end":{"line":13,"column":20}},{"start":{"line":13,"column":24},"end":{"line":13,"column":33}}]},"2":{"loc":{"start":{"line":20,"column":41},"end":{"line":20,"column":68}},"type":"default-arg","locations":[{"start":{"line":20,"column":56},"end":{"line":20,"column":68}}]},"3":{"loc":{"start":{"line":28,"column":12},"end":{"line":28,"column":55}},"type":"cond-expr","locations":[{"start":{"line":28,"column":37},"end":{"line":28,"column":42}},{"start":{"line":28,"column":45},"end":{"line":28,"column":55}}]},"4":{"loc":{"start":{"line":28,"column":12},"end":{"line":28,"column":34}},"type":"binary-expr","locations":[{"start":{"line":28,"column":12},"end":{"line":28,"column":17}},{"start":{"line":28,"column":21},"end":{"line":28,"column":34}}]},"5":{"loc":{"start":{"line":29,"column":12},"end":{"line":29,"column":23}},"type":"binary-expr","locations":[{"start":{"line":29,"column":12},"end":{"line":29,"column":18}},{"start":{"line":29,"column":22},"end":{"line":29,"column":23}}]},"6":{"loc":{"start":{"line":34,"column":27},"end":{"line":34,"column":70}},"type":"cond-expr","locations":[{"start":{"line":34,"column":52},"end":{"line":34,"column":57}},{"start":{"line":34,"column":60},"end":{"line":34,"column":70}}]},"7":{"loc":{"start":{"line":34,"column":27},"end":{"line":34,"column":49}},"type":"binary-expr","locations":[{"start":{"line":34,"column":27},"end":{"line":34,"column":32}},{"start":{"line":34,"column":36},"end":{"line":34,"column":49}}]}},"s":{"0":1,"1":1,"2":1,"3":1,"4":0,"5":0,"6":0,"7":1,"8":0,"9":1,"10":0,"11":1,"12":0,"13":1,"14":0,"15":1},"f":{"0":1,"1":0,"2":0,"3":0,"4":0,"5":0},"b":{"0":[0],"1":[0,0],"2":[0],"3":[0,0],"4":[0,0],"5":[0,0],"6":[0,0],"7":[0,0]}}
,"C:\\Users\\Sir-Lord\\Documents\\GitHub\\Authentication\\src\\helpers\\index.ts": {"path":"C:\\Users\\Sir-Lord\\Documents\\GitHub\\Authentication\\src\\helpers\\index.ts","statementMap":{"0":{"start":{"line":1,"column":0},"end":{"line":1,"column":9}},"1":{"start":{"line":1,"column":9},"end":{"line":1,"column":30}},"2":{"start":{"line":2,"column":0},"end":{"line":2,"column":9}},"3":{"start":{"line":2,"column":9},"end":{"line":2,"column":31}}},"fnMap":{"0":{"name":"(anonymous_1)","decl":{"start":{"line":1,"column":9},"end":{"line":1,"column":16}},"loc":{"start":{"line":1,"column":9},"end":{"line":1,"column":30}}},"1":{"name":"(anonymous_2)","decl":{"start":{"line":2,"column":9},"end":{"line":2,"column":16}},"loc":{"start":{"line":2,"column":9},"end":{"line":2,"column":31}}}},"branchMap":{},"s":{"0":1,"1":1,"2":1,"3":1},"f":{"0":0,"1":0},"b":{}}
,"C:\\Users\\Sir-Lord\\Documents\\GitHub\\Authentication\\src\\helpers\\token.ts": {"path":"C:\\Users\\Sir-Lord\\Documents\\GitHub\\Authentication\\src\\helpers\\token.ts","statementMap":{"0":{"start":{"line":2,"column":0},"end":{"line":2,"column":61}},"1":{"start":{"line":3,"column":0},"end":{"line":3,"column":46}},"2":{"start":{"line":6,"column":0},"end":{"line":30,"column":5}},"3":{"start":{"line":7,"column":31},"end":{"line":18,"column":3}},"4":{"start":{"line":8,"column":30},"end":{"line":8,"column":76}},"5":{"start":{"line":10,"column":8},"end":{"line":16,"column":null}},"6":{"start":{"line":15,"column":12},"end":{"line":15,"column":79}},"7":{"start":{"line":17,"column":8},"end":{"line":17,"column":25}},"8":{"start":{"line":20,"column":32},"end":{"line":24,"column":5}},"9":{"start":{"line":21,"column":33},"end":{"line":21,"column":69}},"10":{"start":{"line":22,"column":8},"end":{"line":22,"column":null}},"11":{"start":{"line":22,"column":27},"end":{"line":22,"column":null}},"12":{"start":{"line":23,"column":8},"end":{"line":23,"column":28}},"13":{"start":{"line":26,"column":4},"end":{"line":29,"column":6}}},"fnMap":{"0":{"name":"(anonymous_0)","decl":{"start":{"line":6,"column":16},"end":{"line":6,"column":19}},"loc":{"start":{"line":6,"column":21},"end":{"line":30,"column":1}}},"1":{"name":"(anonymous_1)","decl":{"start":{"line":7,"column":31},"end":{"line":7,"column":32}},"loc":{"start":{"line":7,"column":84},"end":{"line":18,"column":3}}},"2":{"name":"(anonymous_2)","decl":{"start":{"line":20,"column":32},"end":{"line":20,"column":33}},"loc":{"start":{"line":20,"column":57},"end":{"line":24,"column":5}}}},"branchMap":{"0":{"loc":{"start":{"line":8,"column":30},"end":{"line":8,"column":76}},"type":"binary-expr","locations":[{"start":{"line":8,"column":30},"end":{"line":8,"column":51}},{"start":{"line":8,"column":55},"end":{"line":8,"column":76}}]},"1":{"loc":{"start":{"line":10,"column":8},"end":{"line":16,"column":null}},"type":"if","locations":[{"start":{"line":10,"column":8},"end":{"line":16,"column":null}}]},"2":{"loc":{"start":{"line":11,"column":8},"end":{"line":13,"column":56}},"type":"binary-expr","locations":[{"start":{"line":11,"column":8},"end":{"line":11,"column":21}},{"start":{"line":12,"column":8},"end":{"line":12,"column":41}},{"start":{"line":13,"column":8},"end":{"line":13,"column":56}}]},"3":{"loc":{"start":{"line":15,"column":19},"end":{"line":15,"column":78}},"type":"binary-expr","locations":[{"start":{"line":15,"column":19},"end":{"line":15,"column":65}},{"start":{"line":15,"column":69},"end":{"line":15,"column":78}}]},"4":{"loc":{"start":{"line":22,"column":8},"end":{"line":22,"column":null}},"type":"if","locations":[{"start":{"line":22,"column":8},"end":{"line":22,"column":null}}]}},"s":{"0":1,"1":1,"2":1,"3":1,"4":0,"5":0,"6":0,"7":0,"8":1,"9":0,"10":0,"11":0,"12":0,"13":1},"f":{"0":1,"1":0,"2":0},"b":{"0":[0,0],"1":[0],"2":[0,0,0],"3":[0,0],"4":[0]}}
,"C:\\Users\\Sir-Lord\\Documents\\GitHub\\Authentication\\src\\middlewares\\auth.middleware.ts": {"path":"C:\\Users\\Sir-Lord\\Documents\\GitHub\\Authentication\\src\\middlewares\\auth.middleware.ts","statementMap":{"0":{"start":{"line":2,"column":0},"end":{"line":2,"column":41}},"1":{"start":{"line":4,"column":0},"end":{"line":4,"column":52}},"2":{"start":{"line":6,"column":0},"end":{"line":6,"column":38}},"3":{"start":{"line":7,"column":0},"end":{"line":7,"column":60}},"4":{"start":{"line":8,"column":0},"end":{"line":8,"column":44}},"5":{"start":{"line":15,"column":6},"end":{"line":15,"column":null}},"6":{"start":{"line":16,"column":6},"end":{"line":16,"column":null}},"7":{"start":{"line":20,"column":28},"end":{"line":20,"column":71}},"8":{"start":{"line":22,"column":8},"end":{"line":56,"column":null}},"9":{"start":{"line":23,"column":12},"end":{"line":55,"column":null}},"10":{"start":{"line":24,"column":31},"end":{"line":24,"column":74}},"11":{"start":{"line":25,"column":16},"end":{"line":30,"column":null}},"12":{"start":{"line":26,"column":20},"end":{"line":28,"column":null}},"13":{"start":{"line":29,"column":20},"end":{"line":29,"column":null}},"14":{"start":{"line":31,"column":34},"end":{"line":31,"column":59}},"15":{"start":{"line":33,"column":53},"end":{"line":35,"column":null}},"16":{"start":{"line":37,"column":29},"end":{"line":40,"column":null}},"17":{"start":{"line":42,"column":28},"end":{"line":42,"column":46}},"18":{"start":{"line":44,"column":36},"end":{"line":44,"column":83}},"19":{"start":{"line":46,"column":16},"end":{"line":46,"column":null}},"20":{"start":{"line":48,"column":16},"end":{"line":51,"column":18}},"21":{"start":{"line":53,"column":16},"end":{"line":53,"column":30}},"22":{"start":{"line":55,"column":26},"end":{"line":55,"column":44}},"23":{"start":{"line":58,"column":8},"end":{"line":58,"column":null}},"24":{"start":{"line":10,"column":0},"end":{"line":10,"column":13}}},"fnMap":{"0":{"name":"(anonymous_8)","decl":{"start":{"line":14,"column":4},"end":{"line":14,"column":null}},"loc":{"start":{"line":14,"column":4},"end":{"line":17,"column":5}}},"1":{"name":"(anonymous_9)","decl":{"start":{"line":19,"column":10},"end":{"line":19,"column":13}},"loc":{"start":{"line":19,"column":63},"end":{"line":59,"column":null}}}},"branchMap":{"0":{"loc":{"start":{"line":22,"column":8},"end":{"line":56,"column":null}},"type":"if","locations":[{"start":{"line":22,"column":8},"end":{"line":56,"column":null}}]},"1":{"loc":{"start":{"line":25,"column":16},"end":{"line":30,"column":null}},"type":"if","locations":[{"start":{"line":25,"column":16},"end":{"line":30,"column":null}}]}},"s":{"0":1,"1":1,"2":1,"3":1,"4":1,"5":0,"6":0,"7":0,"8":0,"9":0,"10":0,"11":0,"12":0,"13":0,"14":0,"15":0,"16":0,"17":0,"18":0,"19":0,"20":0,"21":0,"22":0,"23":0,"24":1},"f":{"0":0,"1":0},"b":{"0":[0],"1":[0]}}
,"C:\\Users\\Sir-Lord\\Documents\\GitHub\\Authentication\\src\\middlewares\\error.middleware.ts": {"path":"C:\\Users\\Sir-Lord\\Documents\\GitHub\\Authentication\\src\\middlewares\\error.middleware.ts","statementMap":{"0":{"start":{"line":1,"column":0},"end":{"line":1,"column":null}},"1":{"start":{"line":5,"column":0},"end":{"line":5,"column":60}},"2":{"start":{"line":6,"column":0},"end":{"line":6,"column":49}},"3":{"start":{"line":9,"column":0},"end":{"line":23,"column":null}},"4":{"start":{"line":11,"column":8},"end":{"line":18,"column":null}},"5":{"start":{"line":12,"column":34},"end":{"line":12,"column":36}},"6":{"start":{"line":13,"column":12},"end":{"line":15,"column":null}},"7":{"start":{"line":14,"column":16},"end":{"line":14,"column":null}},"8":{"start":{"line":17,"column":12},"end":{"line":17,"column":null}},"9":{"start":{"line":19,"column":8},"end":{"line":19,"column":null}},"10":{"start":{"line":19,"column":26},"end":{"line":19,"column":null}},"11":{"start":{"line":21,"column":8},"end":{"line":21,"column":22}},"12":{"start":{"line":9,"column":13},"end":{"line":23,"column":null}},"13":{"start":{"line":9,"column":13},"end":{"line":9,"column":31}}},"fnMap":{"0":{"name":"(anonymous_8)","decl":{"start":{"line":10,"column":10},"end":{"line":10,"column":15}},"loc":{"start":{"line":10,"column":65},"end":{"line":22,"column":null}}}},"branchMap":{"0":{"loc":{"start":{"line":11,"column":8},"end":{"line":18,"column":null}},"type":"if","locations":[{"start":{"line":11,"column":8},"end":{"line":18,"column":null}}]},"1":{"loc":{"start":{"line":11,"column":11},"end":{"line":11,"column":69}},"type":"binary-expr","locations":[{"start":{"line":11,"column":11},"end":{"line":11,"column":23}},{"start":{"line":11,"column":27},"end":{"line":11,"column":69}}]},"2":{"loc":{"start":{"line":19,"column":8},"end":{"line":19,"column":null}},"type":"if","locations":[{"start":{"line":19,"column":8},"end":{"line":19,"column":null}}]}},"s":{"0":1,"1":1,"2":1,"3":1,"4":2,"5":1,"6":1,"7":1,"8":1,"9":2,"10":1,"11":2,"12":1,"13":1},"f":{"0":2},"b":{"0":[1],"1":[2,1],"2":[1]}}
,"C:\\Users\\Sir-Lord\\Documents\\GitHub\\Authentication\\src\\middlewares\\morgan.middleware.ts": {"path":"C:\\Users\\Sir-Lord\\Documents\\GitHub\\Authentication\\src\\middlewares\\morgan.middleware.ts","statementMap":{"0":{"start":{"line":2,"column":0},"end":{"line":2,"column":27}},"1":{"start":{"line":3,"column":0},"end":{"line":3,"column":44}},"2":{"start":{"line":5,"column":30},"end":{"line":7,"column":2}},"3":{"start":{"line":6,"column":24},"end":{"line":6,"column":44}},"4":{"start":{"line":9,"column":13},"end":{"line":12,"column":1}},"5":{"start":{"line":10,"column":16},"end":{"line":10,"column":53}},"6":{"start":{"line":11,"column":4},"end":{"line":11,"column":33}},"7":{"start":{"line":14,"column":25},"end":{"line":14,"column":56}},"8":{"start":{"line":16,"column":0},"end":{"line":16,"column":null}}},"fnMap":{"0":{"name":"(anonymous_1)","decl":{"start":{"line":6,"column":11},"end":{"line":6,"column":12}},"loc":{"start":{"line":6,"column":24},"end":{"line":6,"column":44}}},"1":{"name":"(anonymous_2)","decl":{"start":{"line":9,"column":13},"end":{"line":9,"column":16}},"loc":{"start":{"line":9,"column":18},"end":{"line":12,"column":1}}}},"branchMap":{"0":{"loc":{"start":{"line":10,"column":16},"end":{"line":10,"column":53}},"type":"binary-expr","locations":[{"start":{"line":10,"column":16},"end":{"line":10,"column":36}},{"start":{"line":10,"column":40},"end":{"line":10,"column":53}}]}},"s":{"0":1,"1":1,"2":1,"3":0,"4":1,"5":3,"6":3,"7":1,"8":1},"f":{"0":0,"1":3},"b":{"0":[3,0]}}
,"C:\\Users\\Sir-Lord\\Documents\\GitHub\\Authentication\\src\\modules\\auth\\controller\\auth.controller.ts": {"path":"C:\\Users\\Sir-Lord\\Documents\\GitHub\\Authentication\\src\\modules\\auth\\controller\\auth.controller.ts","statementMap":{"0":{"start":{"line":2,"column":0},"end":{"line":2,"column":82}},"1":{"start":{"line":3,"column":0},"end":{"line":3,"column":55}},"2":{"start":{"line":4,"column":0},"end":{"line":4,"column":80}},"3":{"start":{"line":5,"column":0},"end":{"line":5,"column":54}},"4":{"start":{"line":6,"column":0},"end":{"line":6,"column":49}},"5":{"start":{"line":7,"column":0},"end":{"line":7,"column":62}},"6":{"start":{"line":8,"column":0},"end":{"line":8,"column":41}},"7":{"start":{"line":9,"column":0},"end":{"line":9,"column":51}},"8":{"start":{"line":14,"column":0},"end":{"line":59,"column":null}},"9":{"start":{"line":18,"column":8},"end":{"line":18,"column":null}},"10":{"start":{"line":19,"column":8},"end":{"line":19,"column":null}},"11":{"start":{"line":25,"column":21},"end":{"line":25,"column":55}},"12":{"start":{"line":26,"column":23},"end":{"line":26,"column":62}},"13":{"start":{"line":27,"column":8},"end":{"line":27,"column":null}},"14":{"start":{"line":27,"column":20},"end":{"line":27,"column":null}},"15":{"start":{"line":28,"column":8},"end":{"line":28,"column":null}},"16":{"start":{"line":35,"column":27},"end":{"line":35,"column":42}},"17":{"start":{"line":36,"column":8},"end":{"line":36,"column":null}},"18":{"start":{"line":37,"column":8},"end":{"line":37,"column":null}},"19":{"start":{"line":42,"column":29},"end":{"line":42,"column":94}},"20":{"start":{"line":43,"column":23},"end":{"line":43,"column":88}},"21":{"start":{"line":44,"column":8},"end":{"line":44,"column":46}},"22":{"start":{"line":44,"column":20},"end":{"line":44,"column":46}},"23":{"start":{"line":45,"column":8},"end":{"line":45,"column":null}},"24":{"start":{"line":50,"column":21},"end":{"line":50,"column":64}},"25":{"start":{"line":51,"column":8},"end":{"line":51,"column":null}},"26":{"start":{"line":56,"column":21},"end":{"line":56,"column":63}},"27":{"start":{"line":57,"column":8},"end":{"line":57,"column":null}},"28":{"start":{"line":23,"column":4},"end":{"line":29,"column":null}},"29":{"start":{"line":33,"column":4},"end":{"line":38,"column":null}},"30":{"start":{"line":41,"column":4},"end":{"line":46,"column":null}},"31":{"start":{"line":49,"column":4},"end":{"line":52,"column":null}},"32":{"start":{"line":55,"column":4},"end":{"line":58,"column":null}},"33":{"start":{"line":14,"column":13},"end":{"line":59,"column":null}},"34":{"start":{"line":14,"column":13},"end":{"line":14,"column":27}}},"fnMap":{"0":{"name":"(anonymous_11)","decl":{"start":{"line":17,"column":4},"end":{"line":17,"column":null}},"loc":{"start":{"line":17,"column":4},"end":{"line":20,"column":5}}},"1":{"name":"(anonymous_12)","decl":{"start":{"line":23,"column":10},"end":{"line":23,"column":15}},"loc":{"start":{"line":23,"column":76},"end":{"line":29,"column":null}}},"2":{"name":"(anonymous_14)","decl":{"start":{"line":33,"column":10},"end":{"line":33,"column":16}},"loc":{"start":{"line":33,"column":54},"end":{"line":38,"column":null}}},"3":{"name":"(anonymous_16)","decl":{"start":{"line":41,"column":10},"end":{"line":41,"column":22}},"loc":{"start":{"line":41,"column":95},"end":{"line":46,"column":null}}},"4":{"name":"(anonymous_18)","decl":{"start":{"line":49,"column":10},"end":{"line":49,"column":24}},"loc":{"start":{"line":49,"column":56},"end":{"line":52,"column":null}}},"5":{"name":"(anonymous_20)","decl":{"start":{"line":55,"column":10},"end":{"line":55,"column":23}},"loc":{"start":{"line":55,"column":54},"end":{"line":58,"column":null}}}},"branchMap":{"0":{"loc":{"start":{"line":27,"column":8},"end":{"line":27,"column":null}},"type":"if","locations":[{"start":{"line":27,"column":8},"end":{"line":27,"column":null}}]},"1":{"loc":{"start":{"line":42,"column":29},"end":{"line":42,"column":94}},"type":"binary-expr","locations":[{"start":{"line":42,"column":29},"end":{"line":42,"column":46}},{"start":{"line":42,"column":50},"end":{"line":42,"column":94}}]},"2":{"loc":{"start":{"line":44,"column":8},"end":{"line":44,"column":46}},"type":"if","locations":[{"start":{"line":44,"column":8},"end":{"line":44,"column":46}}]}},"s":{"0":1,"1":1,"2":1,"3":1,"4":1,"5":1,"6":1,"7":1,"8":1,"9":0,"10":0,"11":0,"12":0,"13":0,"14":0,"15":0,"16":0,"17":0,"18":0,"19":0,"20":0,"21":0,"22":0,"23":0,"24":0,"25":0,"26":0,"27":0,"28":1,"29":1,"30":1,"31":1,"32":1,"33":1,"34":1},"f":{"0":0,"1":0,"2":0,"3":0,"4":0,"5":0},"b":{"0":[0],"1":[0,0],"2":[0]}}
,"C:\\Users\\Sir-Lord\\Documents\\GitHub\\Authentication\\src\\modules\\auth\\dto\\auth.dto.ts": {"path":"C:\\Users\\Sir-Lord\\Documents\\GitHub\\Authentication\\src\\modules\\auth\\dto\\auth.dto.ts","statementMap":{"0":{"start":{"line":1,"column":0},"end":{"line":1,"column":63}},"1":{"start":{"line":6,"column":4},"end":{"line":6,"column":null}},"2":{"start":{"line":10,"column":4},"end":{"line":10,"column":null}},"3":{"start":{"line":3,"column":0},"end":{"line":3,"column":13}},"4":{"start":{"line":16,"column":4},"end":{"line":16,"column":null}},"5":{"start":{"line":13,"column":0},"end":{"line":13,"column":13}},"6":{"start":{"line":22,"column":4},"end":{"line":22,"column":null}},"7":{"start":{"line":26,"column":4},"end":{"line":26,"column":null}},"8":{"start":{"line":19,"column":0},"end":{"line":19,"column":13}}},"fnMap":{},"branchMap":{},"s":{"0":1,"1":1,"2":1,"3":1,"4":1,"5":1,"6":1,"7":1,"8":1},"f":{},"b":{}}
,"C:\\Users\\Sir-Lord\\Documents\\GitHub\\Authentication\\src\\modules\\auth\\dto\\token.dto.ts": {"path":"C:\\Users\\Sir-Lord\\Documents\\GitHub\\Authentication\\src\\modules\\auth\\dto\\token.dto.ts","statementMap":{"0":{"start":{"line":1,"column":0},"end":{"line":1,"column":55}},"1":{"start":{"line":7,"column":4},"end":{"line":7,"column":null}},"2":{"start":{"line":4,"column":0},"end":{"line":4,"column":13}}},"fnMap":{},"branchMap":{},"s":{"0":1,"1":1,"2":1},"f":{},"b":{}}
,"C:\\Users\\Sir-Lord\\Documents\\GitHub\\Authentication\\src\\modules\\auth\\entity\\refreshToken.entity.ts": {"path":"C:\\Users\\Sir-Lord\\Documents\\GitHub\\Authentication\\src\\modules\\auth\\entity\\refreshToken.entity.ts","statementMap":{"0":{"start":{"line":1,"column":0},"end":{"line":1,"column":142}},"1":{"start":{"line":2,"column":0},"end":{"line":2,"column":58}},"2":{"start":{"line":5,"column":0},"end":{"line":44,"column":null}},"3":{"start":{"line":19,"column":4},"end":{"line":19,"column":22}},"4":{"start":{"line":7,"column":4},"end":{"line":7,"column":null}},"5":{"start":{"line":10,"column":4},"end":{"line":10,"column":null}},"6":{"start":{"line":13,"column":4},"end":{"line":13,"column":null}},"7":{"start":{"line":16,"column":4},"end":{"line":16,"column":null}},"8":{"start":{"line":19,"column":4},"end":{"line":19,"column":null}},"9":{"start":{"line":23,"column":4},"end":{"line":23,"column":null}},"10":{"start":{"line":26,"column":4},"end":{"line":26,"column":null}},"11":{"start":{"line":30,"column":4},"end":{"line":30,"column":null}},"12":{"start":{"line":28,"column":21},"end":{"line":28,"column":31}},"13":{"start":{"line":33,"column":4},"end":{"line":33,"column":null}},"14":{"start":{"line":37,"column":4},"end":{"line":37,"column":null}},"15":{"start":{"line":40,"column":4},"end":{"line":40,"column":null}},"16":{"start":{"line":43,"column":4},"end":{"line":43,"column":null}},"17":{"start":{"line":5,"column":21},"end":{"line":44,"column":null}},"18":{"start":{"line":5,"column":21},"end":{"line":5,"column":40}}},"fnMap":{"0":{"name":"(anonymous_3)","decl":{"start":{"line":5,"column":0},"end":{"line":5,"column":21}},"loc":{"start":{"line":5,"column":0},"end":{"line":44,"column":1}}},"1":{"name":"(anonymous_4)","decl":{"start":{"line":28,"column":15},"end":{"line":28,"column":18}},"loc":{"start":{"line":28,"column":21},"end":{"line":28,"column":31}}}},"branchMap":{},"s":{"0":1,"1":1,"2":1,"3":1,"4":1,"5":1,"6":1,"7":1,"8":1,"9":1,"10":1,"11":1,"12":1,"13":1,"14":1,"15":1,"16":1,"17":1,"18":1},"f":{"0":1,"1":1},"b":{}}
,"C:\\Users\\Sir-Lord\\Documents\\GitHub\\Authentication\\src\\modules\\auth\\repository\\refreshToken.repository.ts": {"path":"C:\\Users\\Sir-Lord\\Documents\\GitHub\\Authentication\\src\\modules\\auth\\repository\\refreshToken.repository.ts","statementMap":{"0":{"start":{"line":1,"column":0},"end":{"line":1,"column":69}},"1":{"start":{"line":2,"column":0},"end":{"line":2,"column":74}},"2":{"start":{"line":4,"column":0},"end":{"line":4,"column":64}},"3":{"start":{"line":6,"column":0},"end":{"line":6,"column":44}},"4":{"start":{"line":9,"column":0},"end":{"line":33,"column":null}},"5":{"start":{"line":12,"column":8},"end":{"line":16,"column":null}},"6":{"start":{"line":13,"column":26},"end":{"line":13,"column":43}},"7":{"start":{"line":14,"column":12},"end":{"line":14,"column":42}},"8":{"start":{"line":16,"column":20},"end":{"line":16,"column":84}},"9":{"start":{"line":20,"column":8},"end":{"line":21,"column":null}},"10":{"start":{"line":20,"column":13},"end":{"line":20,"column":63}},"11":{"start":{"line":21,"column":20},"end":{"line":21,"column":79}},"12":{"start":{"line":25,"column":8},"end":{"line":31,"column":null}},"13":{"start":{"line":26,"column":33},"end":{"line":26,"column":73}},"14":{"start":{"line":27,"column":12},"end":{"line":27,"column":null}},"15":{"start":{"line":27,"column":40},"end":{"line":27,"column":null}},"16":{"start":{"line":28,"column":12},"end":{"line":28,"column":null}},"17":{"start":{"line":29,"column":12},"end":{"line":29,"column":null}},"18":{"start":{"line":31,"column":20},"end":{"line":31,"column":86}},"19":{"start":{"line":9,"column":21},"end":{"line":33,"column":null}},"20":{"start":{"line":9,"column":21},"end":{"line":9,"column":44}}},"fnMap":{"0":{"name":"(anonymous_9)","decl":{"start":{"line":11,"column":10},"end":{"line":11,"column":28}},"loc":{"start":{"line":11,"column":48},"end":{"line":17,"column":null}}},"1":{"name":"(anonymous_11)","decl":{"start":{"line":19,"column":10},"end":{"line":19,"column":22}},"loc":{"start":{"line":19,"column":53},"end":{"line":22,"column":null}}},"2":{"name":"(anonymous_13)","decl":{"start":{"line":24,"column":10},"end":{"line":24,"column":28}},"loc":{"start":{"line":24,"column":92},"end":{"line":32,"column":null}}}},"branchMap":{"0":{"loc":{"start":{"line":27,"column":12},"end":{"line":27,"column":null}},"type":"if","locations":[{"start":{"line":27,"column":12},"end":{"line":27,"column":null}}]}},"s":{"0":1,"1":1,"2":1,"3":1,"4":1,"5":0,"6":0,"7":0,"8":0,"9":0,"10":0,"11":0,"12":0,"13":0,"14":0,"15":0,"16":0,"17":0,"18":0,"19":1,"20":1},"f":{"0":0,"1":0,"2":0},"b":{"0":[0]}}
,"C:\\Users\\Sir-Lord\\Documents\\GitHub\\Authentication\\src\\modules\\auth\\services\\auth.service.ts": {"path":"C:\\Users\\Sir-Lord\\Documents\\GitHub\\Authentication\\src\\modules\\auth\\services\\auth.service.ts","statementMap":{"0":{"start":{"line":1,"column":0},"end":{"line":1,"column":62}},"1":{"start":{"line":3,"column":0},"end":{"line":3,"column":78}},"2":{"start":{"line":4,"column":0},"end":{"line":4,"column":30}},"3":{"start":{"line":7,"column":0},"end":{"line":7,"column":33}},"4":{"start":{"line":9,"column":0},"end":{"line":9,"column":46}},"5":{"start":{"line":10,"column":0},"end":{"line":10,"column":32}},"6":{"start":{"line":11,"column":0},"end":{"line":11,"column":44}},"7":{"start":{"line":20,"column":8},"end":{"line":20,"column":null}},"8":{"start":{"line":21,"column":8},"end":{"line":21,"column":null}},"9":{"start":{"line":22,"column":8},"end":{"line":22,"column":null}},"10":{"start":{"line":26,"column":36},"end":{"line":26,"column":40}},"11":{"start":{"line":27,"column":21},"end":{"line":27,"column":60}},"12":{"start":{"line":28,"column":25},"end":{"line":28,"column":88}},"13":{"start":{"line":29,"column":8},"end":{"line":29,"column":null}},"14":{"start":{"line":29,"column":22},"end":{"line":29,"column":null}},"15":{"start":{"line":30,"column":8},"end":{"line":30,"column":null}},"16":{"start":{"line":34,"column":27},"end":{"line":34,"column":31}},"17":{"start":{"line":35,"column":8},"end":{"line":35,"column":72}},"18":{"start":{"line":39,"column":24},"end":{"line":39,"column":86}},"19":{"start":{"line":40,"column":43},"end":{"line":40,"column":124}},"20":{"start":{"line":41,"column":23},"end":{"line":41,"column":112}},"21":{"start":{"line":42,"column":8},"end":{"line":42,"column":24}},"22":{"start":{"line":48,"column":26},"end":{"line":48,"column":30}},"23":{"start":{"line":49,"column":23},"end":{"line":49,"column":64}},"24":{"start":{"line":51,"column":37},"end":{"line":51,"column":45}},"25":{"start":{"line":52,"column":32},"end":{"line":52,"column":118}},"26":{"start":{"line":54,"column":21},"end":{"line":54,"column":84}},"27":{"start":{"line":56,"column":8},"end":{"line":56,"column":null}},"28":{"start":{"line":57,"column":8},"end":{"line":57,"column":null}},"29":{"start":{"line":62,"column":36},"end":{"line":62,"column":40}},"30":{"start":{"line":63,"column":31},"end":{"line":63,"column":87}},"31":{"start":{"line":65,"column":21},"end":{"line":65,"column":108}},"32":{"start":{"line":66,"column":8},"end":{"line":66,"column":null}},"33":{"start":{"line":68,"column":8},"end":{"line":68,"column":null}},"34":{"start":{"line":14,"column":0},"end":{"line":14,"column":21}}},"fnMap":{"0":{"name":"(anonymous_8)","decl":{"start":{"line":19,"column":4},"end":{"line":19,"column":null}},"loc":{"start":{"line":19,"column":4},"end":{"line":23,"column":5}}},"1":{"name":"(anonymous_9)","decl":{"start":{"line":25,"column":10},"end":{"line":25,"column":15}},"loc":{"start":{"line":25,"column":27},"end":{"line":31,"column":null}}},"2":{"name":"(anonymous_11)","decl":{"start":{"line":33,"column":10},"end":{"line":33,"column":16}},"loc":{"start":{"line":33,"column":35},"end":{"line":36,"column":null}}},"3":{"name":"(anonymous_13)","decl":{"start":{"line":38,"column":10},"end":{"line":38,"column":22}},"loc":{"start":{"line":38,"column":49},"end":{"line":43,"column":null}}},"4":{"name":"(anonymous_15)","decl":{"start":{"line":47,"column":10},"end":{"line":47,"column":24}},"loc":{"start":{"line":47,"column":52},"end":{"line":59,"column":null}}},"5":{"name":"(anonymous_17)","decl":{"start":{"line":61,"column":10},"end":{"line":61,"column":23}},"loc":{"start":{"line":61,"column":50},"end":{"line":69,"column":null}}}},"branchMap":{"0":{"loc":{"start":{"line":29,"column":8},"end":{"line":29,"column":null}},"type":"if","locations":[{"start":{"line":29,"column":8},"end":{"line":29,"column":null}}]}},"s":{"0":1,"1":1,"2":1,"3":1,"4":1,"5":1,"6":1,"7":0,"8":0,"9":0,"10":0,"11":0,"12":0,"13":0,"14":0,"15":0,"16":0,"17":0,"18":0,"19":0,"20":0,"21":0,"22":0,"23":0,"24":0,"25":0,"26":0,"27":0,"28":0,"29":0,"30":0,"31":0,"32":0,"33":0,"34":1},"f":{"0":0,"1":0,"2":0,"3":0,"4":0,"5":0},"b":{"0":[0]}}
,"C:\\Users\\Sir-Lord\\Documents\\GitHub\\Authentication\\src\\modules\\auth\\services\\index.ts": {"path":"C:\\Users\\Sir-Lord\\Documents\\GitHub\\Authentication\\src\\modules\\auth\\services\\index.ts","statementMap":{"0":{"start":{"line":1,"column":0},"end":{"line":1,"column":9}},"1":{"start":{"line":1,"column":9},"end":{"line":1,"column":31}},"2":{"start":{"line":2,"column":0},"end":{"line":2,"column":9}},"3":{"start":{"line":2,"column":9},"end":{"line":2,"column":32}}},"fnMap":{"0":{"name":"(anonymous_1)","decl":{"start":{"line":1,"column":9},"end":{"line":1,"column":16}},"loc":{"start":{"line":1,"column":9},"end":{"line":1,"column":31}}},"1":{"name":"(anonymous_2)","decl":{"start":{"line":2,"column":9},"end":{"line":2,"column":16}},"loc":{"start":{"line":2,"column":9},"end":{"line":2,"column":32}}}},"branchMap":{},"s":{"0":1,"1":1,"2":1,"3":1},"f":{"0":0,"1":0},"b":{}}
,"C:\\Users\\Sir-Lord\\Documents\\GitHub\\Authentication\\src\\modules\\auth\\services\\token.service.ts": {"path":"C:\\Users\\Sir-Lord\\Documents\\GitHub\\Authentication\\src\\modules\\auth\\services\\token.service.ts","statementMap":{"0":{"start":{"line":2,"column":0},"end":{"line":2,"column":29}},"1":{"start":{"line":3,"column":0},"end":{"line":3,"column":31}},"2":{"start":{"line":4,"column":0},"end":{"line":4,"column":52}},"3":{"start":{"line":5,"column":0},"end":{"line":5,"column":40}},"4":{"start":{"line":6,"column":0},"end":{"line":6,"column":75}},"5":{"start":{"line":7,"column":0},"end":{"line":7,"column":46}},"6":{"start":{"line":8,"column":0},"end":{"line":8,"column":46}},"7":{"start":{"line":9,"column":0},"end":{"line":9,"column":38}},"8":{"start":{"line":11,"column":0},"end":{"line":11,"column":78}},"9":{"start":{"line":12,"column":0},"end":{"line":12,"column":62}},"10":{"start":{"line":25,"column":0},"end":{"line":25,"column":44}},"11":{"start":{"line":35,"column":8},"end":{"line":35,"column":null}},"12":{"start":{"line":36,"column":8},"end":{"line":36,"column":null}},"13":{"start":{"line":37,"column":8},"end":{"line":37,"column":null}},"14":{"start":{"line":38,"column":8},"end":{"line":38,"column":null}},"15":{"start":{"line":39,"column":8},"end":{"line":39,"column":null}},"16":{"start":{"line":43,"column":27},"end":{"line":43,"column":31}},"17":{"start":{"line":44,"column":44},"end":{"line":47,"column":null}},"18":{"start":{"line":49,"column":34},"end":{"line":52,"column":null}},"19":{"start":{"line":54,"column":21},"end":{"line":58,"column":null}},"20":{"start":{"line":60,"column":28},"end":{"line":60,"column":108}},"21":{"start":{"line":62,"column":19},"end":{"line":62,"column":74}},"22":{"start":{"line":63,"column":26},"end":{"line":63,"column":73}},"23":{"start":{"line":65,"column":8},"end":{"line":65,"column":null}},"24":{"start":{"line":66,"column":8},"end":{"line":66,"column":null}},"25":{"start":{"line":70,"column":20},"end":{"line":70,"column":28}},"26":{"start":{"line":71,"column":19},"end":{"line":71,"column":75}},"27":{"start":{"line":72,"column":26},"end":{"line":72,"column":73}},"28":{"start":{"line":74,"column":34},"end":{"line":74,"column":115}},"29":{"start":{"line":76,"column":34},"end":{"line":78,"column":null}},"30":{"start":{"line":80,"column":36},"end":{"line":84,"column":10}},"31":{"start":{"line":86,"column":8},"end":{"line":86,"column":null}},"32":{"start":{"line":90,"column":30},"end":{"line":90,"column":34}},"33":{"start":{"line":91,"column":57},"end":{"line":94,"column":10}},"34":{"start":{"line":96,"column":8},"end":{"line":96,"column":83}},"35":{"start":{"line":100,"column":8},"end":{"line":100,"column":null}},"36":{"start":{"line":104,"column":24},"end":{"line":104,"column":60}},"37":{"start":{"line":105,"column":35},"end":{"line":105,"column":81}},"38":{"start":{"line":107,"column":8},"end":{"line":107,"column":95}},"39":{"start":{"line":107,"column":43},"end":{"line":107,"column":95}},"40":{"start":{"line":109,"column":21},"end":{"line":109,"column":94}},"41":{"start":{"line":111,"column":8},"end":{"line":111,"column":59}},"42":{"start":{"line":115,"column":24},"end":{"line":117,"column":null}},"43":{"start":{"line":119,"column":29},"end":{"line":119,"column":36}},"44":{"start":{"line":120,"column":8},"end":{"line":120,"column":null}},"45":{"start":{"line":120,"column":26},"end":{"line":120,"column":null}},"46":{"start":{"line":121,"column":8},"end":{"line":121,"column":null}},"47":{"start":{"line":125,"column":29},"end":{"line":125,"column":36}},"48":{"start":{"line":126,"column":8},"end":{"line":126,"column":78}},"49":{"start":{"line":130,"column":24},"end":{"line":130,"column":31}},"50":{"start":{"line":131,"column":8},"end":{"line":131,"column":53}},"51":{"start":{"line":135,"column":26},"end":{"line":135,"column":51}},"52":{"start":{"line":136,"column":45},"end":{"line":138,"column":null}},"53":{"start":{"line":139,"column":24},"end":{"line":142,"column":null}},"54":{"start":{"line":144,"column":29},"end":{"line":144,"column":36}},"55":{"start":{"line":145,"column":8},"end":{"line":145,"column":null}},"56":{"start":{"line":145,"column":26},"end":{"line":145,"column":null}},"57":{"start":{"line":146,"column":8},"end":{"line":146,"column":null}},"58":{"start":{"line":28,"column":0},"end":{"line":28,"column":21}}},"fnMap":{"0":{"name":"(anonymous_8)","decl":{"start":{"line":34,"column":4},"end":{"line":34,"column":null}},"loc":{"start":{"line":34,"column":4},"end":{"line":40,"column":5}}},"1":{"name":"(anonymous_9)","decl":{"start":{"line":42,"column":10},"end":{"line":42,"column":29}},"loc":{"start":{"line":42,"column":84},"end":{"line":67,"column":null}}},"2":{"name":"(anonymous_11)","decl":{"start":{"line":69,"column":10},"end":{"line":69,"column":30}},"loc":{"start":{"line":69,"column":55},"end":{"line":87,"column":null}}},"3":{"name":"(anonymous_13)","decl":{"start":{"line":89,"column":10},"end":{"line":89,"column":19}},"loc":{"start":{"line":89,"column":38},"end":{"line":97,"column":null}}},"4":{"name":"(anonymous_15)","decl":{"start":{"line":99,"column":10},"end":{"line":99,"column":16}},"loc":{"start":{"line":99,"column":79},"end":{"line":101,"column":null}}},"5":{"name":"(anonymous_17)","decl":{"start":{"line":103,"column":10},"end":{"line":103,"column":29}},"loc":{"start":{"line":103,"column":42},"end":{"line":112,"column":null}}},"6":{"name":"(anonymous_19)","decl":{"start":{"line":114,"column":18},"end":{"line":114,"column":36}},"loc":{"start":{"line":114,"column":50},"end":{"line":122,"column":null}}},"7":{"name":"(anonymous_21)","decl":{"start":{"line":124,"column":12},"end":{"line":124,"column":38}},"loc":{"start":{"line":124,"column":67},"end":{"line":127,"column":5}}},"8":{"name":"(anonymous_22)","decl":{"start":{"line":129,"column":12},"end":{"line":129,"column":42}},"loc":{"start":{"line":129,"column":71},"end":{"line":132,"column":5}}},"9":{"name":"(anonymous_23)","decl":{"start":{"line":134,"column":10},"end":{"line":134,"column":35}},"loc":{"start":{"line":134,"column":48},"end":{"line":147,"column":null}}}},"branchMap":{"0":{"loc":{"start":{"line":56,"column":17},"end":{"line":56,"column":49}},"type":"binary-expr","locations":[{"start":{"line":56,"column":17},"end":{"line":56,"column":37}},{"start":{"line":56,"column":41},"end":{"line":56,"column":49}}]},"1":{"loc":{"start":{"line":107,"column":8},"end":{"line":107,"column":95}},"type":"if","locations":[{"start":{"line":107,"column":8},"end":{"line":107,"column":95}}]},"2":{"loc":{"start":{"line":107,"column":12},"end":{"line":107,"column":41}},"type":"cond-expr","locations":[{"start":{"line":107,"column":30},"end":{"line":107,"column":32}},{"start":{"line":107,"column":12},"end":{"line":107,"column":41}}]},"3":{"loc":{"start":{"line":107,"column":12},"end":{"line":107,"column":32}},"type":"binary-expr","locations":[{"start":{"line":107,"column":12},"end":{"line":107,"column":32}},{"start":{"line":107,"column":12},"end":{"line":107,"column":32}}]},"4":{"loc":{"start":{"line":120,"column":8},"end":{"line":120,"column":null}},"type":"if","locations":[{"start":{"line":120,"column":8},"end":{"line":120,"column":null}}]},"5":{"loc":{"start":{"line":120,"column":12},"end":{"line":120,"column":24}},"type":"binary-expr","locations":[{"start":{"line":120,"column":12},"end":{"line":120,"column":16}},{"start":{"line":120,"column":20},"end":{"line":120,"column":24}}]},"6":{"loc":{"start":{"line":145,"column":8},"end":{"line":145,"column":null}},"type":"if","locations":[{"start":{"line":145,"column":8},"end":{"line":145,"column":null}}]},"7":{"loc":{"start":{"line":145,"column":12},"end":{"line":145,"column":24}},"type":"binary-expr","locations":[{"start":{"line":145,"column":12},"end":{"line":145,"column":16}},{"start":{"line":145,"column":20},"end":{"line":145,"column":24}}]}},"s":{"0":1,"1":1,"2":1,"3":1,"4":1,"5":1,"6":1,"7":1,"8":1,"9":1,"10":1,"11":0,"12":0,"13":0,"14":0,"15":0,"16":0,"17":0,"18":0,"19":0,"20":0,"21":0,"22":0,"23":0,"24":0,"25":0,"26":0,"27":0,"28":0,"29":0,"30":0,"31":0,"32":0,"33":0,"34":0,"35":0,"36":0,"37":0,"38":0,"39":0,"40":0,"41":0,"42":0,"43":0,"44":0,"45":0,"46":0,"47":0,"48":0,"49":0,"50":0,"51":0,"52":0,"53":0,"54":0,"55":0,"56":0,"57":0,"58":1},"f":{"0":0,"1":0,"2":0,"3":0,"4":0,"5":0,"6":0,"7":0,"8":0,"9":0},"b":{"0":[0,0],"1":[0],"2":[0,0],"3":[0,0],"4":[0],"5":[0,0],"6":[0],"7":[0,0]}}
,"C:\\Users\\Sir-Lord\\Documents\\GitHub\\Authentication\\src\\modules\\auth\\subsciber\\refreshToken.subscriber.ts": {"path":"C:\\Users\\Sir-Lord\\Documents\\GitHub\\Authentication\\src\\modules\\auth\\subsciber\\refreshToken.subscriber.ts","statementMap":{"0":{"start":{"line":2,"column":0},"end":{"line":2,"column":null}},"1":{"start":{"line":7,"column":0},"end":{"line":7,"column":62}},"2":{"start":{"line":10,"column":0},"end":{"line":25,"column":null}},"3":{"start":{"line":23,"column":8},"end":{"line":23,"column":null}},"4":{"start":{"line":10,"column":13},"end":{"line":25,"column":null}},"5":{"start":{"line":10,"column":13},"end":{"line":10,"column":35}}},"fnMap":{"0":{"name":"(anonymous_9)","decl":{"start":{"line":12,"column":10},"end":{"line":12,"column":22}},"loc":{"start":{"line":12,"column":80},"end":{"line":20,"column":null}}},"1":{"name":"(anonymous_11)","decl":{"start":{"line":22,"column":4},"end":{"line":22,"column":12}},"loc":{"start":{"line":22,"column":12},"end":{"line":24,"column":5}}}},"branchMap":{},"s":{"0":1,"1":1,"2":1,"3":20,"4":1,"5":1},"f":{"0":0,"1":20},"b":{}}
,"C:\\Users\\Sir-Lord\\Documents\\GitHub\\Authentication\\src\\modules\\user\\controller\\user.controller.ts": {"path":"C:\\Users\\Sir-Lord\\Documents\\GitHub\\Authentication\\src\\modules\\user\\controller\\user.controller.ts","statementMap":{"0":{"start":{"line":1,"column":0},"end":{"line":1,"column":62}},"1":{"start":{"line":3,"column":0},"end":{"line":3,"column":92}},"2":{"start":{"line":4,"column":0},"end":{"line":4,"column":55}},"3":{"start":{"line":6,"column":0},"end":{"line":6,"column":77}},"4":{"start":{"line":7,"column":0},"end":{"line":7,"column":51}},"5":{"start":{"line":10,"column":0},"end":{"line":45,"column":null}},"6":{"start":{"line":13,"column":8},"end":{"line":13,"column":null}},"7":{"start":{"line":18,"column":21},"end":{"line":18,"column":58}},"8":{"start":{"line":19,"column":8},"end":{"line":19,"column":null}},"9":{"start":{"line":25,"column":27},"end":{"line":25,"column":42}},"10":{"start":{"line":26,"column":21},"end":{"line":26,"column":73}},"11":{"start":{"line":27,"column":8},"end":{"line":27,"column":null}},"12":{"start":{"line":33,"column":27},"end":{"line":33,"column":42}},"13":{"start":{"line":34,"column":21},"end":{"line":34,"column":78}},"14":{"start":{"line":35,"column":8},"end":{"line":35,"column":null}},"15":{"start":{"line":41,"column":27},"end":{"line":41,"column":42}},"16":{"start":{"line":42,"column":21},"end":{"line":42,"column":70}},"17":{"start":{"line":43,"column":8},"end":{"line":43,"column":null}},"18":{"start":{"line":17,"column":4},"end":{"line":20,"column":null}},"19":{"start":{"line":24,"column":4},"end":{"line":28,"column":null}},"20":{"start":{"line":32,"column":4},"end":{"line":36,"column":null}},"21":{"start":{"line":40,"column":4},"end":{"line":44,"column":null}},"22":{"start":{"line":10,"column":13},"end":{"line":45,"column":null}},"23":{"start":{"line":10,"column":13},"end":{"line":10,"column":27}}},"fnMap":{"0":{"name":"(anonymous_12)","decl":{"start":{"line":12,"column":4},"end":{"line":12,"column":null}},"loc":{"start":{"line":12,"column":4},"end":{"line":14,"column":5}}},"1":{"name":"(anonymous_13)","decl":{"start":{"line":17,"column":10},"end":{"line":17,"column":18}},"loc":{"start":{"line":17,"column":63},"end":{"line":20,"column":null}}},"2":{"name":"(anonymous_15)","decl":{"start":{"line":24,"column":10},"end":{"line":24,"column":24}},"loc":{"start":{"line":24,"column":40},"end":{"line":28,"column":null}}},"3":{"name":"(anonymous_17)","decl":{"start":{"line":32,"column":10},"end":{"line":32,"column":23}},"loc":{"start":{"line":32,"column":70},"end":{"line":36,"column":null}}},"4":{"name":"(anonymous_19)","decl":{"start":{"line":40,"column":10},"end":{"line":40,"column":21}},"loc":{"start":{"line":40,"column":66},"end":{"line":44,"column":null}}}},"branchMap":{},"s":{"0":1,"1":1,"2":1,"3":1,"4":1,"5":1,"6":1,"7":2,"8":1,"9":0,"10":0,"11":0,"12":0,"13":0,"14":0,"15":0,"16":0,"17":0,"18":1,"19":1,"20":1,"21":1,"22":1,"23":1},"f":{"0":1,"1":2,"2":0,"3":0,"4":0},"b":{}}
,"C:\\Users\\Sir-Lord\\Documents\\GitHub\\Authentication\\src\\modules\\user\\dto\\user.dto.ts": {"path":"C:\\Users\\Sir-Lord\\Documents\\GitHub\\Authentication\\src\\modules\\user\\dto\\user.dto.ts","statementMap":{"0":{"start":{"line":1,"column":0},"end":{"line":1,"column":75}},"1":{"start":{"line":6,"column":4},"end":{"line":6,"column":null}},"2":{"start":{"line":10,"column":4},"end":{"line":10,"column":null}},"3":{"start":{"line":14,"column":4},"end":{"line":14,"column":null}},"4":{"start":{"line":18,"column":4},"end":{"line":18,"column":null}},"5":{"start":{"line":22,"column":4},"end":{"line":22,"column":null}},"6":{"start":{"line":3,"column":0},"end":{"line":3,"column":13}},"7":{"start":{"line":28,"column":4},"end":{"line":28,"column":null}},"8":{"start":{"line":32,"column":4},"end":{"line":32,"column":null}},"9":{"start":{"line":36,"column":4},"end":{"line":36,"column":null}},"10":{"start":{"line":40,"column":4},"end":{"line":40,"column":null}},"11":{"start":{"line":25,"column":0},"end":{"line":25,"column":13}},"12":{"start":{"line":46,"column":4},"end":{"line":46,"column":null}},"13":{"start":{"line":50,"column":4},"end":{"line":50,"column":null}},"14":{"start":{"line":43,"column":0},"end":{"line":43,"column":13}}},"fnMap":{},"branchMap":{},"s":{"0":1,"1":1,"2":1,"3":1,"4":1,"5":1,"6":1,"7":1,"8":1,"9":1,"10":1,"11":1,"12":1,"13":1,"14":1},"f":{},"b":{}}
,"C:\\Users\\Sir-Lord\\Documents\\GitHub\\Authentication\\src\\modules\\user\\entity\\user.entity.ts": {"path":"C:\\Users\\Sir-Lord\\Documents\\GitHub\\Authentication\\src\\modules\\user\\entity\\user.entity.ts","statementMap":{"0":{"start":{"line":1,"column":0},"end":{"line":1,"column":null}},"1":{"start":{"line":13,"column":0},"end":{"line":40,"column":null}},"2":{"start":{"line":15,"column":4},"end":{"line":15,"column":null}},"3":{"start":{"line":18,"column":4},"end":{"line":18,"column":null}},"4":{"start":{"line":21,"column":4},"end":{"line":21,"column":null}},"5":{"start":{"line":24,"column":4},"end":{"line":24,"column":null}},"6":{"start":{"line":27,"column":4},"end":{"line":27,"column":null}},"7":{"start":{"line":30,"column":4},"end":{"line":30,"column":null}},"8":{"start":{"line":33,"column":4},"end":{"line":33,"column":null}},"9":{"start":{"line":36,"column":4},"end":{"line":36,"column":null}},"10":{"start":{"line":39,"column":4},"end":{"line":39,"column":null}},"11":{"start":{"line":13,"column":21},"end":{"line":40,"column":null}},"12":{"start":{"line":13,"column":21},"end":{"line":13,"column":32}}},"fnMap":{},"branchMap":{},"s":{"0":1,"1":1,"2":1,"3":1,"4":1,"5":1,"6":1,"7":1,"8":1,"9":1,"10":1,"11":1,"12":1},"f":{},"b":{}}
,"C:\\Users\\Sir-Lord\\Documents\\GitHub\\Authentication\\src\\modules\\user\\repository\\user.repository.ts": {"path":"C:\\Users\\Sir-Lord\\Documents\\GitHub\\Authentication\\src\\modules\\user\\repository\\user.repository.ts","statementMap":{"0":{"start":{"line":1,"column":0},"end":{"line":1,"column":54}},"1":{"start":{"line":2,"column":0},"end":{"line":2,"column":74}},"2":{"start":{"line":3,"column":0},"end":{"line":3,"column":46}},"3":{"start":{"line":8,"column":0},"end":{"line":31,"column":null}},"4":{"start":{"line":10,"column":8},"end":{"line":18,"column":null}},"5":{"start":{"line":11,"column":25},"end":{"line":11,"column":42}},"6":{"start":{"line":12,"column":12},"end":{"line":12,"column":34}},"7":{"start":{"line":13,"column":12},"end":{"line":13,"column":24}},"8":{"start":{"line":16,"column":12},"end":{"line":16,"column":null}},"9":{"start":{"line":16,"column":56},"end":{"line":16,"column":null}},"10":{"start":{"line":17,"column":12},"end":{"line":17,"column":null}},"11":{"start":{"line":22,"column":8},"end":{"line":28,"column":null}},"12":{"start":{"line":23,"column":25},"end":{"line":23,"column":66}},"13":{"start":{"line":24,"column":12},"end":{"line":24,"column":null}},"14":{"start":{"line":25,"column":12},"end":{"line":25,"column":null}},"15":{"start":{"line":26,"column":12},"end":{"line":26,"column":null}},"16":{"start":{"line":28,"column":24},"end":{"line":28,"column":82}},"17":{"start":{"line":8,"column":13},"end":{"line":31,"column":null}},"18":{"start":{"line":8,"column":13},"end":{"line":8,"column":27}}},"fnMap":{"0":{"name":"(anonymous_9)","decl":{"start":{"line":9,"column":10},"end":{"line":9,"column":20}},"loc":{"start":{"line":9,"column":32},"end":{"line":19,"column":null}}},"1":{"name":"(anonymous_11)","decl":{"start":{"line":21,"column":10},"end":{"line":21,"column":20}},"loc":{"start":{"line":21,"column":81},"end":{"line":30,"column":null}}}},"branchMap":{"0":{"loc":{"start":{"line":16,"column":12},"end":{"line":16,"column":null}},"type":"if","locations":[{"start":{"line":16,"column":12},"end":{"line":16,"column":null}}]},"1":{"loc":{"start":{"line":16,"column":16},"end":{"line":16,"column":54}},"type":"binary-expr","locations":[{"start":{"line":16,"column":16},"end":{"line":16,"column":36}},{"start":{"line":16,"column":40},"end":{"line":16,"column":54}}]}},"s":{"0":1,"1":1,"2":1,"3":1,"4":2,"5":2,"6":2,"7":1,"8":1,"9":1,"10":0,"11":0,"12":0,"13":0,"14":0,"15":0,"16":0,"17":1,"18":1},"f":{"0":2,"1":0},"b":{"0":[1],"1":[1,0]}}
,"C:\\Users\\Sir-Lord\\Documents\\GitHub\\Authentication\\src\\modules\\user\\services\\user.service.ts": {"path":"C:\\Users\\Sir-Lord\\Documents\\GitHub\\Authentication\\src\\modules\\user\\services\\user.service.ts","statementMap":{"0":{"start":{"line":1,"column":0},"end":{"line":1,"column":31}},"1":{"start":{"line":2,"column":0},"end":{"line":2,"column":29}},"2":{"start":{"line":3,"column":0},"end":{"line":3,"column":45}},"3":{"start":{"line":5,"column":0},"end":{"line":5,"column":62}},"4":{"start":{"line":6,"column":0},"end":{"line":6,"column":92}},"5":{"start":{"line":14,"column":8},"end":{"line":14,"column":null}},"6":{"start":{"line":18,"column":8},"end":{"line":22,"column":null}},"7":{"start":{"line":19,"column":28},"end":{"line":19,"column":70}},"8":{"start":{"line":20,"column":12},"end":{"line":20,"column":null}},"9":{"start":{"line":22,"column":20},"end":{"line":22,"column":31}},"10":{"start":{"line":26,"column":21},"end":{"line":26,"column":45}},"11":{"start":{"line":27,"column":8},"end":{"line":27,"column":null}},"12":{"start":{"line":30,"column":8},"end":{"line":31,"column":null}},"13":{"start":{"line":30,"column":13},"end":{"line":30,"column":78}},"14":{"start":{"line":31,"column":20},"end":{"line":31,"column":70}},"15":{"start":{"line":35,"column":21},"end":{"line":35,"column":70}},"16":{"start":{"line":36,"column":8},"end":{"line":36,"column":null}},"17":{"start":{"line":40,"column":45},"end":{"line":40,"column":49}},"18":{"start":{"line":41,"column":21},"end":{"line":41,"column":46}},"19":{"start":{"line":42,"column":25},"end":{"line":42,"column":79}},"20":{"start":{"line":43,"column":8},"end":{"line":43,"column":null}},"21":{"start":{"line":43,"column":22},"end":{"line":43,"column":null}},"22":{"start":{"line":44,"column":8},"end":{"line":44,"column":null}},"23":{"start":{"line":48,"column":8},"end":{"line":49,"column":null}},"24":{"start":{"line":48,"column":12},"end":{"line":48,"column":57}},"25":{"start":{"line":49,"column":19},"end":{"line":49,"column":79}},"26":{"start":{"line":11,"column":0},"end":{"line":11,"column":21}}},"fnMap":{"0":{"name":"(anonymous_7)","decl":{"start":{"line":13,"column":4},"end":{"line":13,"column":null}},"loc":{"start":{"line":13,"column":4},"end":{"line":15,"column":5}}},"1":{"name":"(anonymous_8)","decl":{"start":{"line":17,"column":10},"end":{"line":17,"column":18}},"loc":{"start":{"line":17,"column":30},"end":{"line":23,"column":null}}},"2":{"name":"(anonymous_10)","decl":{"start":{"line":25,"column":10},"end":{"line":25,"column":25}},"loc":{"start":{"line":25,"column":49},"end":{"line":28,"column":null}}},"3":{"name":"(anonymous_12)","decl":{"start":{"line":29,"column":10},"end":{"line":29,"column":17}},"loc":{"start":{"line":29,"column":42},"end":{"line":32,"column":null}}},"4":{"name":"(anonymous_14)","decl":{"start":{"line":34,"column":10},"end":{"line":34,"column":16}},"loc":{"start":{"line":34,"column":78},"end":{"line":37,"column":null}}},"5":{"name":"(anonymous_16)","decl":{"start":{"line":39,"column":10},"end":{"line":39,"column":24}},"loc":{"start":{"line":39,"column":66},"end":{"line":45,"column":null}}},"6":{"name":"(anonymous_18)","decl":{"start":{"line":47,"column":10},"end":{"line":47,"column":34}},"loc":{"start":{"line":47,"column":83},"end":{"line":50,"column":null}}}},"branchMap":{"0":{"loc":{"start":{"line":43,"column":8},"end":{"line":43,"column":null}},"type":"if","locations":[{"start":{"line":43,"column":8},"end":{"line":43,"column":null}}]}},"s":{"0":1,"1":1,"2":1,"3":1,"4":1,"5":1,"6":2,"7":2,"8":1,"9":1,"10":0,"11":0,"12":0,"13":0,"14":0,"15":0,"16":0,"17":0,"18":0,"19":0,"20":0,"21":0,"22":0,"23":0,"24":0,"25":0,"26":1},"f":{"0":1,"1":2,"2":0,"3":0,"4":0,"5":0,"6":0},"b":{"0":[0]}}
,"C:\\Users\\Sir-Lord\\Documents\\GitHub\\Authentication\\src\\modules\\user\\subscriber\\user.subscriber.ts": {"path":"C:\\Users\\Sir-Lord\\Documents\\GitHub\\Authentication\\src\\modules\\user\\subscriber\\user.subscriber.ts","statementMap":{"0":{"start":{"line":1,"column":0},"end":{"line":1,"column":37}},"1":{"start":{"line":2,"column":0},"end":{"line":2,"column":null}},"2":{"start":{"line":8,"column":0},"end":{"line":8,"column":48}},"3":{"start":{"line":11,"column":0},"end":{"line":36,"column":null}},"4":{"start":{"line":14,"column":8},"end":{"line":14,"column":47}},"5":{"start":{"line":19,"column":8},"end":{"line":26,"column":null}},"6":{"start":{"line":21,"column":12},"end":{"line":24,"column":59}},"7":{"start":{"line":22,"column":16},"end":{"line":22,"column":62}},"8":{"start":{"line":24,"column":17},"end":{"line":24,"column":59}},"9":{"start":{"line":25,"column":12},"end":{"line":25,"column":null}},"10":{"start":{"line":30,"column":8},"end":{"line":30,"column":null}},"11":{"start":{"line":30,"column":29},"end":{"line":30,"column":null}},"12":{"start":{"line":34,"column":8},"end":{"line":34,"column":26}},"13":{"start":{"line":11,"column":13},"end":{"line":36,"column":null}},"14":{"start":{"line":11,"column":13},"end":{"line":11,"column":27}}},"fnMap":{"0":{"name":"(anonymous_9)","decl":{"start":{"line":13,"column":4},"end":{"line":13,"column":16}},"loc":{"start":{"line":13,"column":47},"end":{"line":15,"column":5}}},"1":{"name":"(anonymous_10)","decl":{"start":{"line":17,"column":10},"end":{"line":17,"column":22}},"loc":{"start":{"line":17,"column":72},"end":{"line":27,"column":null}}},"2":{"name":"(anonymous_12)","decl":{"start":{"line":29,"column":10},"end":{"line":29,"column":22}},"loc":{"start":{"line":29,"column":41},"end":{"line":31,"column":null}}},"3":{"name":"(anonymous_14)","decl":{"start":{"line":33,"column":4},"end":{"line":33,"column":12}},"loc":{"start":{"line":33,"column":12},"end":{"line":35,"column":5}}}},"branchMap":{"0":{"loc":{"start":{"line":19,"column":8},"end":{"line":26,"column":null}},"type":"if","locations":[{"start":{"line":19,"column":8},"end":{"line":26,"column":null}}]},"1":{"loc":{"start":{"line":19,"column":12},"end":{"line":19,"column":55}},"type":"binary-expr","locations":[{"start":{"line":19,"column":12},"end":{"line":19,"column":28}},{"start":{"line":19,"column":32},"end":{"line":19,"column":55}}]},"2":{"loc":{"start":{"line":19,"column":12},"end":{"line":19,"column":28}},"type":"cond-expr","locations":[{"start":{"line":19,"column":18},"end":{"line":19,"column":20}},{"start":{"line":19,"column":12},"end":{"line":19,"column":28}}]},"3":{"loc":{"start":{"line":19,"column":12},"end":{"line":19,"column":20}},"type":"binary-expr","locations":[{"start":{"line":19,"column":12},"end":{"line":19,"column":20}},{"start":{"line":19,"column":12},"end":{"line":19,"column":20}}]},"4":{"loc":{"start":{"line":21,"column":12},"end":{"line":24,"column":59}},"type":"if","locations":[{"start":{"line":21,"column":12},"end":{"line":24,"column":59}},{"start":{"line":24,"column":17},"end":{"line":24,"column":59}}]},"5":{"loc":{"start":{"line":21,"column":15},"end":{"line":21,"column":122}},"type":"binary-expr","locations":[{"start":{"line":21,"column":15},"end":{"line":21,"column":64}},{"start":{"line":21,"column":64},"end":{"line":21,"column":122}}]},"6":{"loc":{"start":{"line":21,"column":15},"end":{"line":21,"column":31}},"type":"cond-expr","locations":[{"start":{"line":21,"column":21},"end":{"line":21,"column":23}},{"start":{"line":21,"column":15},"end":{"line":21,"column":31}}]},"7":{"loc":{"start":{"line":21,"column":15},"end":{"line":21,"column":23}},"type":"binary-expr","locations":[{"start":{"line":21,"column":15},"end":{"line":21,"column":23}},{"start":{"line":21,"column":15},"end":{"line":21,"column":23}}]},"8":{"loc":{"start":{"line":21,"column":36},"end":{"line":21,"column":60}},"type":"cond-expr","locations":[{"start":{"line":21,"column":50},"end":{"line":21,"column":52}},{"start":{"line":21,"column":36},"end":{"line":21,"column":60}}]},"9":{"loc":{"start":{"line":21,"column":36},"end":{"line":21,"column":52}},"type":"binary-expr","locations":[{"start":{"line":21,"column":36},"end":{"line":21,"column":52}},{"start":{"line":21,"column":36},"end":{"line":21,"column":52}}]},"10":{"loc":{"start":{"line":21,"column":104},"end":{"line":21,"column":120}},"type":"cond-expr","locations":[{"start":{"line":21,"column":110},"end":{"line":21,"column":112}},{"start":{"line":21,"column":104},"end":{"line":21,"column":120}}]},"11":{"loc":{"start":{"line":21,"column":104},"end":{"line":21,"column":112}},"type":"binary-expr","locations":[{"start":{"line":21,"column":104},"end":{"line":21,"column":112}},{"start":{"line":21,"column":104},"end":{"line":21,"column":112}}]},"12":{"loc":{"start":{"line":30,"column":8},"end":{"line":30,"column":null}},"type":"if","locations":[{"start":{"line":30,"column":8},"end":{"line":30,"column":null}}]}},"s":{"0":1,"1":1,"2":1,"3":1,"4":3,"5":0,"6":0,"7":0,"8":0,"9":0,"10":3,"11":3,"12":15,"13":1,"14":1},"f":{"0":3,"1":0,"2":3,"3":15},"b":{"0":[0],"1":[0,0],"2":[0,0],"3":[0,0],"4":[0,0],"5":[0,0],"6":[0,0],"7":[0,0],"8":[0,0],"9":[0,0],"10":[0,0],"11":[0,0],"12":[3]}}
[...]
mn":72}}]},"2":{"loc":{"start":{"line":33,"column":8},"end":{"line":54,"column":null}},"type":"switch","locations":[{"start":{"line":34,"column":12},"end":{"line":35,"column":71}},{"start":{"line":36,"column":12},"end":{"line":37,"column":83}},{"start":{"line":38,"column":12},"end":{"line":39,"column":null}},{"start":{"line":40,"column":12},"end":{"line":40,"column":37}},{"start":{"line":41,"column":12},"end":{"line":41,"column":36}},{"start":{"line":42,"column":12},"end":{"line":43,"column":67}},{"start":{"line":44,"column":12},"end":{"line":45,"column":69}},{"start":{"line":46,"column":12},"end":{"line":47,"column":68}},{"start":{"line":48,"column":12},"end":{"line":53,"column":null}}]},"3":{"loc":{"start":{"line":51,"column":16},"end":{"line":51,"column":97}},"type":"if","locations":[{"start":{"line":51,"column":16},"end":{"line":51,"column":97}}]},"4":{"loc":{"start":{"line":59,"column":16},"end":{"line":59,"column":47}},"type":"default-arg","locations":[{"start":{"line":59,"column":26},"end":{"line":59,"column":47}}]},"5":{"loc":{"start":{"line":66,"column":16},"end":{"line":66,"column":42}},"type":"default-arg","locations":[{"start":{"line":66,"column":26},"end":{"line":66,"column":42}}]},"6":{"loc":{"start":{"line":73,"column":16},"end":{"line":73,"column":42}},"type":"default-arg","locations":[{"start":{"line":73,"column":26},"end":{"line":73,"column":42}}]},"7":{"loc":{"start":{"line":80,"column":16},"end":{"line":80,"column":39}},"type":"default-arg","locations":[{"start":{"line":80,"column":26},"end":{"line":80,"column":39}}]},"8":{"loc":{"start":{"line":87,"column":16},"end":{"line":87,"column":37}},"type":"default-arg","locations":[{"start":{"line":87,"column":26},"end":{"line":87,"column":37}}]},"9":{"loc":{"start":{"line":94,"column":16},"end":{"line":94,"column":45}},"type":"default-arg","locations":[{"start":{"line":94,"column":26},"end":{"line":94,"column":45}}]},"10":{"loc":{"start":{"line":101,"column":16},"end":{"line":101,"column":46}},"type":"default-arg","locations":[{"start":{"line":101,"column":26},"end":{"line":101,"column":46}}]},"11":{"loc":{"start":{"line":107,"column":16},"end":{"line":107,"column":45}},"type":"default-arg","locations":[{"start":{"line":107,"column":26},"end":{"line":107,"column":45}}]}},"s":{"0":1,"1":1,"2":1,"3":1,"4":1,"5":1,"6":1,"7":1,"8":1,"9":1,"10":1,"11":1,"12":1,"13":1,"14":2,"15":2,"16":2,"17":2,"18":2,"19":0,"20":0,"21":1,"22":0,"23":1,"24":0,"25":0,"26":0,"27":0,"28":0,"29":1,"30":0,"31":0,"32":1,"33":0,"34":0,"35":1,"36":1,"37":1,"38":1,"39":1,"40":1,"41":1,"42":0,"43":0,"44":1,"45":0,"46":0,"47":1,"48":0,"49":1,"50":0,"51":1},"f":{"0":1,"1":2,"2":2,"3":0,"4":0,"5":0,"6":0,"7":1,"8":1,"9":1,"10":1,"11":0,"12":0,"13":0,"14":0,"15":0,"16":0},"b":{"0":[1,1],"1":[0],"2":[0,0,1,0,0,0,1,0,0],"3":[0],"4":[0],"5":[0],"6":[0],"7":[0],"8":[0],"9":[0],"10":[0],"11":[0]}}
,"C:\\Users\\Sir-Lord\\Documents\\GitHub\\Authentication\\src\\utils\\logger.util.ts": {"path":"C:\\Users\\Sir-Lord\\Documents\\GitHub\\Authentication\\src\\utils\\logger.util.ts","statementMap":{"0":{"start":{"line":1,"column":0},"end":{"line":1,"column":34}},"1":{"start":{"line":2,"column":0},"end":{"line":2,"column":29}},"2":{"start":{"line":3,"column":0},"end":{"line":3,"column":37}},"3":{"start":{"line":5,"column":15},"end":{"line":11,"column":null}},"4":{"start":{"line":13,"column":14},"end":{"line":17,"column":1}},"5":{"start":{"line":14,"column":16},"end":{"line":14,"column":51}},"6":{"start":{"line":15,"column":26},"end":{"line":15,"column":47}},"7":{"start":{"line":16,"column":4},"end":{"line":16,"column":null}},"8":{"start":{"line":19,"column":15},"end":{"line":25,"column":null}},"9":{"start":{"line":27,"column":0},"end":{"line":27,"column":null}},"10":{"start":{"line":29,"column":15},"end":{"line":35,"column":null}},"11":{"start":{"line":34,"column":16},"end":{"line":34,"column":71}},"12":{"start":{"line":38,"column":19},"end":{"line":42,"column":null}},"13":{"start":{"line":44,"column":13},"end":{"line":49,"column":null}},"14":{"start":{"line":51,"column":0},"end":{"line":53,"column":3}},"15":{"start":{"line":51,"column":56},"end":{"line":53,"column":2}},"16":{"start":{"line":52,"column":4},"end":{"line":52,"column":74}}},"fnMap":{"0":{"name":"(anonymous_14)","decl":{"start":{"line":13,"column":14},"end":{"line":13,"column":17}},"loc":{"start":{"line":13,"column":19},"end":{"line":17,"column":1}}},"1":{"name":"(anonymous_15)","decl":{"start":{"line":34,"column":6},"end":{"line":34,"column":7}},"loc":{"start":{"line":34,"column":16},"end":{"line":34,"column":71}}},"2":{"name":"(anonymous_16)","decl":{"start":{"line":51,"column":33},"end":{"line":51,"column":39}},"loc":{"start":{"line":51,"column":56},"end":{"line":53,"column":2}}},"3":{"name":"(anonymous_17)","decl":{"start":{"line":51,"column":56},"end":{"line":51,"column":null}},"loc":{"start":{"line":51,"column":56},"end":{"line":53,"column":1}}}},"branchMap":{"0":{"loc":{"start":{"line":14,"column":16},"end":{"line":14,"column":51}},"type":"binary-expr","locations":[{"start":{"line":14,"column":16},"end":{"line":14,"column":34}},{"start":{"line":14,"column":38},"end":{"line":14,"column":51}}]},"1":{"loc":{"start":{"line":16,"column":11},"end":{"line":16,"column":43}},"type":"cond-expr","locations":[{"start":{"line":16,"column":27},"end":{"line":16,"column":34}},{"start":{"line":16,"column":37},"end":{"line":16,"column":43}}]}},"s":{"0":1,"1":1,"2":1,"3":1,"4":1,"5":1,"6":1,"7":1,"8":1,"9":1,"10":1,"11":4,"12":1,"13":1,"14":1,"15":0,"16":0},"f":{"0":1,"1":4,"2":0,"3":0},"b":{"0":[1,0],"1":[0,1]}}
,"C:\\Users\\Sir-Lord\\Documents\\GitHub\\Authentication\\src\\utils\\response.util.ts": {"path":"C:\\Users\\Sir-Lord\\Documents\\GitHub\\Authentication\\src\\utils\\response.util.ts","statementMap":{"0":{"start":{"line":1,"column":0},"end":{"line":1,"column":45}},"1":{"start":{"line":2,"column":0},"end":{"line":2,"column":30}},"2":{"start":{"line":6,"column":0},"end":{"line":6,"column":null}},"3":{"start":{"line":7,"column":4},"end":{"line":7,"column":null}},"4":{"start":{"line":8,"column":4},"end":{"line":8,"column":null}},"5":{"start":{"line":9,"column":4},"end":{"line":9,"column":null}},"6":{"start":{"line":10,"column":4},"end":{"line":10,"column":null}},"7":{"start":{"line":11,"column":4},"end":{"line":11,"column":null}},"8":{"start":{"line":12,"column":4},"end":{"line":12,"column":null}},"9":{"start":{"line":13,"column":4},"end":{"line":13,"column":null}},"10":{"start":{"line":16,"column":16},"end":{"line":19,"column":null}},"11":{"start":{"line":21,"column":0},"end":{"line":21,"column":null}},"12":{"start":{"line":22,"column":4},"end":{"line":22,"column":null}},"13":{"start":{"line":23,"column":4},"end":{"line":23,"column":null}},"14":{"start":{"line":24,"column":4},"end":{"line":24,"column":null}},"15":{"start":{"line":25,"column":4},"end":{"line":25,"column":null}},"16":{"start":{"line":26,"column":4},"end":{"line":26,"column":null}},"17":{"start":{"line":27,"column":4},"end":{"line":27,"column":null}},"18":{"start":{"line":28,"column":4},"end":{"line":28,"column":null}},"19":{"start":{"line":39,"column":15},"end":{"line":39,"column":31}},"20":{"start":{"line":40,"column":15},"end":{"line":40,"column":30}},"21":{"start":{"line":41,"column":15},"end":{"line":41,"column":31}},"22":{"start":{"line":42,"column":15},"end":{"line":42,"column":46}},"23":{"start":{"line":44,"column":8},"end":{"line":44,"column":null}},"24":{"start":{"line":45,"column":8},"end":{"line":45,"column":null}},"25":{"start":{"line":46,"column":8},"end":{"line":46,"column":null}},"26":{"start":{"line":47,"column":8},"end":{"line":47,"column":null}},"27":{"start":{"line":48,"column":8},"end":{"line":48,"column":null}},"28":{"start":{"line":53,"column":8},"end":{"line":53,"column":null}},"29":{"start":{"line":54,"column":8},"end":{"line":54,"column":null}},"30":{"start":{"line":58,"column":8},"end":{"line":58,"column":52}},"31":{"start":{"line":62,"column":25},"end":{"line":62,"column":32}},"32":{"start":{"line":63,"column":8},"end":{"line":63,"column":39}},"33":{"start":{"line":65,"column":8},"end":{"line":65,"column":84}},"34":{"start":{"line":65,"column":31},"end":{"line":65,"column":84}},"35":{"start":{"line":65,"column":68},"end":{"line":65,"column":84}},"36":{"start":{"line":66,"column":23},"end":{"line":66,"column":120}},"37":{"start":{"line":67,"column":8},"end":{"line":67,"column":22}},"38":{"start":{"line":73,"column":8},"end":{"line":73,"column":60}},"39":{"start":{"line":72,"column":40},"end":{"line":72,"column":47}},"40":{"start":{"line":75,"column":25},"end":{"line":75,"column":82}},"41":{"start":{"line":71,"column":0},"end":{"line":71,"column":13}},"42":{"start":{"line":80,"column":8},"end":{"line":80,"column":92}},"43":{"start":{"line":78,"column":0},"end":{"line":78,"column":13}},"44":{"start":{"line":88,"column":8},"end":{"line":88,"column":86}},"45":{"start":{"line":92,"column":8},"end":{"line":92,"column":40}},"46":{"start":{"line":93,"column":8},"end":{"line":93,"column":58}},"47":{"start":{"line":84,"column":0},"end":{"line":84,"column":13}},"48":{"start":{"line":99,"column":8},"end":{"line":99,"column":86}},"49":{"start":{"line":97,"column":0},"end":{"line":97,"column":13}},"50":{"start":{"line":105,"column":8},"end":{"line":105,"column":89}},"51":{"start":{"line":103,"column":0},"end":{"line":103,"column":13}},"52":{"start":{"line":111,"column":8},"end":{"line":111,"column":99}},"53":{"start":{"line":109,"column":0},"end":{"line":109,"column":13}},"54":{"start":{"line":117,"column":8},"end":{"line":117,"column":84}},"55":{"start":{"line":115,"column":0},"end":{"line":115,"column":13}},"56":{"start":{"line":123,"column":8},"end":{"line":123,"column":60}},"57":{"start":{"line":121,"column":0},"end":{"line":121,"column":13}},"58":{"start":{"line":129,"column":8},"end":{"line":129,"column":82}},"59":{"start":{"line":127,"column":0},"end":{"line":127,"column":13}}},"fnMap":{"0":{"name":"(anonymous_0)","decl":{"start":{"line":6,"column":0},"end":{"line":6,"column":5}},"loc":{"start":{"line":6,"column":19},"end":{"line":14,"column":1}}},"1":{"name":"(anonymous_1)","decl":{"start":{"line":21,"column":0},"end":{"line":21,"column":5}},"loc":{"start":{"line":21,"column":15},"end":{"line":29,"column":1}}},"2":{"name":"(anonymous_2)","decl":{"start":{"line":38,"column":4},"end":{"line":38,"column":null}},"loc":{"start":{"line":42,"column":46},"end":{"line":49,"column":5}}},"3":{"name":"(anonymous_3)","decl":{"start":{"line":52,"column":14},"end":{"line":52,"column":21}},"loc":{"start":{"line":52,"column":71},"end":{"line":55,"column":5}}},"4":{"name":"(anonymous_4)","decl":{"start":{"line":57,"column":11},"end":{"line":57,"column":15}},"loc":{"start":{"line":57,"column":29},"end":{"line":59,"column":5}}},"5":{"name":"(anonymous_5)","decl":{"start":{"line":61,"column":12},"end":{"line":61,"column":18}},"loc":{"start":{"line":61,"column":62},"end":{"line":68,"column":5}}},"6":{"name":"(anonymous_6)","decl":{"start":{"line":72,"column":4},"end":{"line":72,"column":16}},"loc":{"start":{"line":72,"column":47},"end":{"line":74,"column":5}}},"7":{"name":"(anonymous_7)","decl":{"start":{"line":75,"column":4},"end":{"line":75,"column":8}},"loc":{"start":{"line":75,"column":8},"end":{"line":75,"column":84}}},"8":{"name":"(anonymous_8)","decl":{"start":{"line":79,"column":4},"end":{"line":79,"column":16}},"loc":{"start":{"line":79,"column":50},"end":{"line":81,"column":5}}},"9":{"name":"(anonymous_9)","decl":{"start":{"line":87,"column":4},"end":{"line":87,"column":16}},"loc":{"start":{"line":87,"column":37},"end":{"line":89,"column":5}}},"10":{"name":"(anonymous_10)","decl":{"start":{"line":91,"column":4},"end":{"line":91,"column":8}},"loc":{"start":{"line":91,"column":22},"end":{"line":94,"column":5}}},"11":{"name":"(anonymous_11)","decl":{"start":{"line":98,"column":4},"end":{"line":98,"column":16}},"loc":{"start":{"line":98,"column":37},"end":{"line":100,"column":5}}},"12":{"name":"(anonymous_12)","decl":{"start":{"line":104,"column":4},"end":{"line":104,"column":16}},"loc":{"start":{"line":104,"column":42},"end":{"line":106,"column":5}}},"13":{"name":"(anonymous_13)","decl":{"start":{"line":110,"column":4},"end":{"line":110,"column":16}},"loc":{"start":{"line":110,"column":54},"end":{"line":112,"column":5}}},"14":{"name":"(anonymous_14)","decl":{"start":{"line":116,"column":4},"end":{"line":116,"column":16}},"loc":{"start":{"line":116,"column":42},"end":{"line":118,"column":5}}},"15":{"name":"(anonymous_15)","decl":{"start":{"line":122,"column":4},"end":{"line":122,"column":16}},"loc":{"start":{"line":122,"column":31},"end":{"line":124,"column":5}}},"16":{"name":"(anonymous_16)","decl":{"start":{"line":128,"column":4},"end":{"line":128,"column":16}},"loc":{"start":{"line":128,"column":31},"end":{"line":130,"column":5}}}},"branchMap":{"0":{"loc":{"start":{"line":6,"column":5},"end":{"line":6,"column":null}},"type":"binary-expr","locations":[{"start":{"line":6,"column":5},"end":{"line":6,"column":19}},{"start":{"line":6,"column":5},"end":{"line":6,"column":null}}]},"1":{"loc":{"start":{"line":21,"column":5},"end":{"line":21,"column":null}},"type":"binary-expr","locations":[{"start":{"line":21,"column":5},"end":{"line":21,"column":15}},{"start":{"line":21,"column":5},"end":{"line":21,"column":null}}]},"2":{"loc":{"start":{"line":65,"column":31},"end":{"line":65,"column":84}},"type":"if","locations":[{"start":{"line":65,"column":31},"end":{"line":65,"column":84}}]},"3":{"loc":{"start":{"line":79,"column":16},"end":{"line":79,"column":50}},"type":"default-arg","locations":[{"start":{"line":79,"column":26},"end":{"line":79,"column":50}}]},"4":{"loc":{"start":{"line":87,"column":16},"end":{"line":87,"column":37}},"type":"default-arg","locations":[{"start":{"line":87,"column":26},"end":{"line":87,"column":37}}]},"5":{"loc":{"start":{"line":92,"column":19},"end":{"line":92,"column":39}},"type":"cond-expr","locations":[{"start":{"line":92,"column":26},"end":{"line":92,"column":28}},{"start":{"line":92,"column":26},"end":{"line":92,"column":39}}]},"6":{"loc":{"start":{"line":92,"column":19},"end":{"line":92,"column":28}},"type":"binary-expr","locations":[{"start":{"line":92,"column":19},"end":{"line":92,"column":28}},{"start":{"line":92,"column":26},"end":{"line":92,"column":28}}]},"7":{"loc":{"start":{"line":98,"column":16},"end":{"line":98,"column":37}},"type":"default-arg","locations":[{"start":{"line":98,"column":26},"end":{"line":98,"column":37}}]},"8":{"loc":{"start":{"line":104,"column":16},"end":{"line":104,"column":42}},"type":"default-arg","locations":[{"start":{"line":104,"column":26},"end":{"line":104,"column":42}}]},"9":{"loc":{"start":{"line":110,"column":16},"end":{"line":110,"column":42}},"type":"default-arg","locations":[{"start":{"line":110,"column":26},"end":{"line":110,"column":42}}]},"10":{"loc":{"start":{"line":110,"column":44},"end":{"line":110,"column":54}},"type":"default-arg","locations":[{"start":{"line":110,"column":52},"end":{"line":110,"column":54}}]},"11":{"loc":{"start":{"line":111,"column":65},"end":{"line":111,"column":97}},"type":"binary-expr","locations":[{"start":{"line":111,"column":65},"end":{"line":111,"column":70}},{"start":{"line":111,"column":74},"end":{"line":111,"column":97}}]},"12":{"loc":{"start":{"line":116,"column":16},"end":{"line":116,"column":42}},"type":"default-arg","locations":[{"start":{"line":116,"column":26},"end":{"line":116,"column":42}}]}},"s":{"0":1,"1":1,"2":1,"3":1,"4":1,"5":1,"6":1,"7":1,"8":1,"9":1,"10":1,"11":1,"12":1,"13":1,"14":1,"15":1,"16":1,"17":1,"18":1,"19":3,"20":3,"21":3,"22":3,"23":3,"24":3,"25":3,"26":3,"27":3,"28":3,"29":3,"30":2,"31":3,"32":3,"33":3,"34":27,"35":1,"36":3,"37":3,"38":1,"39":1,"40":1,"41":1,"42":0,"43":1,"44":0,"45":0,"46":0,"47":1,"48":0,"49":1,"50":1,"51":1,"52":0,"53":1,"54":1,"55":1,"56":0,"57":1,"58":0,"59":1},"f":{"0":1,"1":1,"2":3,"3":3,"4":2,"5":3,"6":1,"7":1,"8":0,"9":0,"10":0,"11":0,"12":1,"13":0,"14":1,"15":0,"16":0},"b":{"0":[1,1],"1":[1,1],"2":[1],"3":[0],"4":[0],"5":[0,0],"6":[0,0],"7":[0],"8":[0],"9":[0],"10":[0],"11":[0,0],"12":[0]}}
,"C:\\Users\\Sir-Lord\\Documents\\GitHub\\Authentication\\src\\utils\\tokens.util.ts": {"path":"C:\\Users\\Sir-Lord\\Documents\\GitHub\\Authentication\\src\\utils\\tokens.util.ts","statementMap":{"0":{"start":{"line":1,"column":0},"end":{"line":1,"column":42}},"1":{"start":{"line":4,"column":43},"end":{"line":7,"column":null}},"2":{"start":{"line":4,"column":97},"end":{"line":7,"column":null}},"3":{"start":{"line":5,"column":4},"end":{"line":5,"column":66}},"4":{"start":{"line":6,"column":4},"end":{"line":6,"column":60}},"5":{"start":{"line":4,"column":13},"end":{"line":4,"column":43}}},"fnMap":{"0":{"name":"(anonymous_7)","decl":{"start":{"line":4,"column":43},"end":{"line":4,"column":50}},"loc":{"start":{"line":4,"column":97},"end":{"line":7,"column":null}}},"1":{"name":"(anonymous_8)","decl":{"start":{"line":4,"column":97},"end":{"line":4,"column":null}},"loc":{"start":{"line":4,"column":97},"end":{"line":7,"column":1}}}},"branchMap":{},"s":{"0":1,"1":1,"2":0,"3":0,"4":0,"5":1},"f":{"0":0,"1":0},"b":{}}
,"C:\\Users\\Sir-Lord\\Documents\\GitHub\\Authentication\\src\\utils\\util-types.ts": {"path":"C:\\Users\\Sir-Lord\\Documents\\GitHub\\Authentication\\src\\utils\\util-types.ts","statementMap":{"0":{"start":{"line":1,"column":0},"end":{"line":1,"column":53}},"1":{"start":{"line":7,"column":4},"end":{"line":7,"column":null}},"2":{"start":{"line":10,"column":4},"end":{"line":10,"column":null}},"3":{"start":{"line":13,"column":4},"end":{"line":13,"column":null}},"4":{"start":{"line":16,"column":4},"end":{"line":16,"column":null}},"5":{"start":{"line":19,"column":4},"end":{"line":19,"column":null}},"6":{"start":{"line":22,"column":4},"end":{"line":22,"column":null}},"7":{"start":{"line":25,"column":4},"end":{"line":25,"column":null}},"8":{"start":{"line":5,"column":0},"end":{"line":5,"column":13}},"9":{"start":{"line":31,"column":0},"end":{"line":31,"column":13}},"10":{"start":{"line":35,"column":0},"end":{"line":35,"column":13}},"11":{"start":{"line":41,"column":0},"end":{"line":41,"column":null}},"12":{"start":{"line":42,"column":4},"end":{"line":42,"column":null}}},"fnMap":{"0":{"name":"(anonymous_2)","decl":{"start":{"line":41,"column":0},"end":{"line":41,"column":12}},"loc":{"start":{"line":41,"column":21},"end":{"line":43,"column":1}}}},"branchMap":{"0":{"loc":{"start":{"line":41,"column":12},"end":{"line":41,"column":null}},"type":"binary-expr","locations":[{"start":{"line":41,"column":12},"end":{"line":41,"column":21}},{"start":{"line":41,"column":12},"end":{"line":41,"column":null}}]}},"s":{"0":1,"1":1,"2":1,"3":1,"4":1,"5":1,"6":1,"7":1,"8":1,"9":1,"10":1,"11":1,"12":1},"f":{"0":1},"b":{"0":[1,1]}}
,"C:\\Users\\Sir-Lord\\Documents\\GitHub\\Authentication\\test\\unit\\helpers\\user.ts": {"path":"C:\\Users\\Sir-Lord\\Documents\\GitHub\\Authentication\\test\\unit\\helpers\\user.ts","statementMap":{"0":{"start":{"line":1,"column":0},"end":{"line":1,"column":37}},"1":{"start":{"line":2,"column":0},"end":{"line":2,"column":63}},"2":{"start":{"line":23,"column":4},"end":{"line":29,"column":null}},"3":{"start":{"line":22,"column":0},"end":{"line":22,"column":16}},"4":{"start":{"line":33,"column":17},"end":{"line":33,"column":24}},"5":{"start":{"line":34,"column":19},"end":{"line":34,"column":36}},"6":{"start":{"line":35,"column":4},"end":{"line":35,"column":null}},"7":{"start":{"line":36,"column":4},"end":{"line":36,"column":37}},"8":{"start":{"line":32,"column":0},"end":{"line":32,"column":22}}},"fnMap":{"0":{"name":"dummy","decl":{"start":{"line":22,"column":16},"end":{"line":22,"column":21}},"loc":{"start":{"line":22,"column":21},"end":{"line":30,"column":1}}},"1":{"name":"createDummy","decl":{"start":{"line":32,"column":22},"end":{"line":32,"column":33}},"loc":{"start":{"line":32,"column":33},"end":{"line":37,"column":null}}}},"branchMap":{},"s":{"0":1,"1":1,"2":3,"3":1,"4":1,"5":1,"6":1,"7":1,"8":1},"f":{"0":3,"1":1},"b":{}}
}
