TN:
SF:src\server.ts
FN:14,(anonymous_14)
FN:20,(anonymous_15)
FN:28,(anonymous_16)
FNF:3
FNH:3
FNDA:1,(anonymous_14)
FNDA:1,(anonymous_15)
FNDA:1,(anonymous_16)
DA:1,1
DA:3,1
DA:4,1
DA:5,1
DA:6,1
DA:7,1
DA:8,1
DA:9,1
DA:11,1
DA:15,1
DA:16,1
DA:17,1
DA:21,1
DA:22,1
DA:23,1
DA:24,1
DA:25,1
DA:29,1
DA:30,1
LF:19
LH:19
BRF:0
BRH:0
end_of_record
TN:
SF:src\config\cookies.config.ts
FN:9,(anonymous_0)
FNF:1
FNH:1
FNDA:1,(anonymous_0)
DA:1,1
DA:10,1
DA:11,1
DA:15,1
LF:4
LH:4
BRF:0
BRH:0
end_of_record
TN:
SF:src\config\db.config.ts
FN:13,(anonymous_0)
FNF:1
FNH:1
FNDA:1,(anonymous_0)
DA:1,1
DA:15,1
DA:16,1
DA:17,1
DA:18,1
DA:19,1
DA:20,1
DA:21,1
DA:25,1
LF:9
LH:9
BRF:0
BRH:0
end_of_record
TN:
SF:src\config\index.ts
FN:16,(anonymous_1)
FN:17,(anonymous_2)
FN:18,(anonymous_3)
FN:19,(anonymous_4)
FN:20,(anonymous_5)
FN:21,(anonymous_6)
FNF:6
FNH:2
FNDA:1,(anonymous_1)
FNDA:0,(anonymous_2)
FNDA:0,(anonymous_3)
FNDA:0,(anonymous_4)
FNDA:0,(anonymous_5)
FNDA:3,(anonymous_6)
DA:1,1
DA:2,1
DA:4,1
DA:14,1
DA:16,2
DA:17,1
DA:18,1
DA:19,1
DA:20,1
DA:21,4
LF:10
LH:10
BRF:0
BRH:0
end_of_record
TN:
SF:src\config\jwt.config.ts
FN:15,(anonymous_1)
FN:25,(anonymous_2)
FN:32,(anonymous_3)
FNF:3
FNH:3
FNDA:1,(anonymous_1)
FNDA:1,(anonymous_2)
FNDA:1,(anonymous_3)
DA:1,1
DA:2,1
DA:16,1
DA:17,1
DA:18,1
DA:20,1
DA:21,1
DA:22,1
DA:26,1
DA:27,1
DA:29,1
DA:33,1
DA:34,1
DA:36,1
DA:40,1
LF:15
LH:15
BRF:0
BRH:0
end_of_record
TN:
SF:src\config\mail.config.ts
FN:8,(anonymous_0)
FNF:1
FNH:1
FNDA:1,(anonymous_0)
DA:1,1
DA:9,1
DA:13,1
LF:3
LH:3
BRF:0
BRH:0
end_of_record
TN:
SF:src\config\oauth.config.ts
FN:9,(anonymous_0)
FNF:1
FNH:1
FNDA:1,(anonymous_0)
DA:1,1
DA:11,1
DA:12,1
DA:13,1
DA:17,1
LF:5
LH:5
BRF:0
BRH:0
end_of_record
TN:
SF:src\config\redis.config.ts
FN:13,(anonymous_0)
FNF:1
FNH:1
FNDA:1,(anonymous_0)
DA:1,1
DA:14,1
DA:15,1
DA:16,1
DA:17,1
DA:23,1
LF:6
LH:6
BRF:0
BRH:0
end_of_record
TN:
SF:src\core\cache.core.ts
FN:14,(anonymous_7)
FN:26,(anonymous_8)
FN:32,(anonymous_9)
FN:33,(anonymous_11)
FN:34,(anonymous_12)
FN:37,(anonymous_13)
FN:44,(anonymous_14)
FN:47,(anonymous_15)
FN:50,(anonymous_16)
FN:58,(anonymous_17)
FN:64,(anonymous_19)
FN:65,(anonymous_21)
FN:66,(anonymous_22)
FNF:13
FNH:8
FNDA:1,(anonymous_7)
FNDA:1,(anonymous_8)
FNDA:1,(anonymous_9)
FNDA:1,(anonymous_11)
FNDA:1,(anonymous_12)
FNDA:1,(anonymous_13)
FNDA:0,(anonymous_14)
FNDA:0,(anonymous_15)
FNDA:0,(anonymous_16)
FNDA:0,(anonymous_17)
FNDA:1,(anonymous_19)
FNDA:1,(anonymous_21)
FNDA:0,(anonymous_22)
DA:1,1
DA:2,1
DA:7,1
DA:9,1
DA:15,1
DA:21,1
DA:22,1
DA:23,1
DA:27,1
DA:33,1
DA:34,1
DA:35,1
DA:37,1
DA:38,1
DA:39,1
DA:40,1
DA:42,1
DA:44,1
DA:45,0
DA:47,1
DA:48,0
DA:50,1
DA:51,0
DA:59,0
DA:60,0
DA:65,1
DA:66,1
DA:67,0
LF:28
LH:22
BRDA:7,0,0,1
BRDA:7,0,1,0
BRDA:38,1,0,1
BRF:3
BRH:2
end_of_record
TN:
SF:src\core\queue.core.ts
FN:19,(anonymous_8)
FN:49,(anonymous_9)
FN:82,(anonymous_10)
FN:83,(anonymous_11)
FN:83,(anonymous_12)
FN:101,(anonymous_13)
FN:101,(anonymous_14)
FN:107,(anonymous_15)
FN:108,(anonymous_17)
FN:109,(anonymous_18)
FN:109,(anonymous_19)
FNF:11
FNH:0
FNDA:0,(anonymous_8)
FNDA:0,(anonymous_9)
FNDA:0,(anonymous_10)
FNDA:0,(anonymous_11)
FNDA:0,(anonymous_12)
FNDA:0,(anonymous_13)
FNDA:0,(anonymous_14)
FNDA:0,(anonymous_15)
FNDA:0,(anonymous_17)
FNDA:0,(anonymous_18)
FNDA:0,(anonymous_19)
DA:1,1
DA:2,1
DA:3,1
DA:4,1
DA:6,1
DA:13,1
DA:31,0
DA:42,0
DA:43,0
DA:44,0
DA:45,0
DA:46,0
DA:50,0
DA:83,0
DA:84,0
DA:85,0
DA:86,0
DA:98,0
DA:101,0
DA:102,0
DA:108,0
DA:109,0
DA:110,0
LF:23
LH:6
BRF:0
BRH:0
end_of_record
TN:
SF:src\db\db.connection.ts
FN:9,(anonymous_7)
FN:23,(anonymous_8)
FN:31,(anonymous_10)
FNF:3
FNH:3
FNDA:1,(anonymous_7)
FNDA:1,(anonymous_8)
FNDA:1,(anonymous_10)
DA:1,1
DA:2,1
DA:3,1
DA:5,1
DA:10,1
DA:24,1
DA:25,1
DA:26,1
DA:28,0
DA:32,1
DA:33,1
DA:34,1
DA:36,0
DA:40,1
LF:14
LH:12
BRF:0
BRH:0
end_of_record
TN:
SF:src\db\index.ts
FN:1,(anonymous_1)
FNF:1
FNH:1
FNDA:2,(anonymous_1)
DA:1,3
LF:1
LH:1
BRF:0
BRH:0
end_of_record
TN:
SF:src\helpers\date.ts
FN:11,(anonymous_1)
FN:12,(anonymous_2)
FN:20,(anonymous_3)
FN:24,(anonymous_4)
FN:26,(anonymous_5)
FN:33,(anonymous_6)
FNF:6
FNH:1
FNDA:1,(anonymous_1)
FNDA:0,(anonymous_2)
FNDA:0,(anonymous_3)
FNDA:0,(anonymous_4)
FNDA:0,(anonymous_5)
FNDA:0,(anonymous_6)
DA:1,1
DA:2,1
DA:11,1
DA:12,1
DA:13,0
DA:14,0
DA:17,0
DA:20,1
DA:21,0
DA:24,1
DA:26,1
DA:27,0
DA:33,1
DA:34,0
DA:37,1
LF:15
LH:9
BRDA:13,0,0,0
BRDA:13,1,0,0
BRDA:13,1,1,0
BRDA:20,2,0,0
BRDA:28,3,0,0
BRDA:28,3,1,0
BRDA:28,4,0,0
BRDA:28,4,1,0
BRDA:29,5,0,0
BRDA:29,5,1,0
BRDA:34,6,0,0
BRDA:34,6,1,0
BRDA:34,7,0,0
BRDA:34,7,1,0
BRF:14
BRH:0
end_of_record
TN:
SF:src\helpers\index.ts
FN:1,(anonymous_1)
FN:2,(anonymous_2)
FNF:2
FNH:0
FNDA:0,(anonymous_1)
FNDA:0,(anonymous_2)
DA:1,1
DA:2,1
LF:2
LH:2
BRF:0
BRH:0
end_of_record
TN:
SF:src\helpers\token.ts
FN:6,(anonymous_0)
FN:7,(anonymous_1)
FN:20,(anonymous_2)
FNF:3
FNH:1
FNDA:1,(anonymous_0)
FNDA:0,(anonymous_1)
FNDA:0,(anonymous_2)
DA:2,1
DA:3,1
DA:6,1
DA:7,1
DA:8,0
DA:10,0
DA:15,0
DA:17,0
DA:20,1
DA:21,0
DA:22,0
DA:23,0
DA:26,1
LF:13
LH:6
BRDA:8,0,0,0
BRDA:8,0,1,0
BRDA:10,1,0,0
BRDA:11,2,0,0
BRDA:11,2,1,0
BRDA:11,2,2,0
BRDA:15,3,0,0
BRDA:15,3,1,0
BRDA:22,4,0,0
BRF:9
BRH:0
end_of_record
TN:
SF:src\middlewares\auth.middleware.ts
FN:14,(anonymous_8)
FN:19,(anonymous_9)
FNF:2
FNH:0
FNDA:0,(anonymous_8)
FNDA:0,(anonymous_9)
DA:2,1
DA:4,1
DA:6,1
DA:7,1
DA:8,1
DA:10,1
DA:15,0
DA:16,0
DA:20,0
DA:22,0
DA:23,0
DA:24,0
DA:25,0
DA:26,0
DA:29,0
DA:31,0
DA:33,0
DA:37,0
DA:42,0
DA:44,0
DA:46,0
DA:48,0
DA:53,0
DA:55,0
DA:58,0
LF:25
LH:6
BRDA:22,0,0,0
BRDA:25,1,0,0
BRF:2
BRH:0
end_of_record
TN:
SF:src\middlewares\error.middleware.ts
FN:10,(anonymous_8)
FNF:1
FNH:1
FNDA:2,(anonymous_8)
DA:1,1
DA:5,1
DA:6,1
DA:9,1
DA:11,2
DA:12,1
DA:13,1
DA:14,1
DA:17,1
DA:19,2
DA:21,2
LF:11
LH:11
BRDA:11,0,0,1
BRDA:11,1,0,2
BRDA:11,1,1,1
BRDA:19,2,0,1
BRF:4
BRH:4
end_of_record
TN:
SF:src\middlewares\morgan.middleware.ts
FN:6,(anonymous_1)
FN:9,(anonymous_2)
FNF:2
FNH:1
FNDA:0,(anonymous_1)
FNDA:3,(anonymous_2)
DA:2,1
DA:3,1
DA:5,1
DA:6,0
DA:9,1
DA:10,3
DA:11,3
DA:14,1
DA:16,1
LF:9
LH:8
BRDA:10,0,0,3
BRDA:10,0,1,0
BRF:2
BRH:1
end_of_record
TN:
SF:src\modules\auth\controller\auth.controller.ts
FN:17,(anonymous_11)
FN:23,(anonymous_12)
FN:33,(anonymous_14)
FN:41,(anonymous_16)
FN:49,(anonymous_18)
FN:55,(anonymous_20)
FNF:6
FNH:0
FNDA:0,(anonymous_11)
FNDA:0,(anonymous_12)
FNDA:0,(anonymous_14)
FNDA:0,(anonymous_16)
FNDA:0,(anonymous_18)
FNDA:0,(anonymous_20)
DA:2,1
DA:3,1
DA:4,1
DA:5,1
DA:6,1
DA:7,1
DA:8,1
DA:9,1
DA:14,1
DA:18,0
DA:19,0
DA:23,1
DA:25,0
DA:26,0
DA:27,0
DA:28,0
DA:33,1
DA:35,0
DA:36,0
DA:37,0
DA:41,1
DA:42,0
DA:43,0
DA:44,0
DA:45,0
DA:49,1
DA:50,0
DA:51,0
DA:55,1
DA:56,0
DA:57,0
LF:31
LH:14
BRDA:27,0,0,0
BRDA:42,1,0,0
BRDA:42,1,1,0
BRDA:44,2,0,0
BRF:4
BRH:0
end_of_record
TN:
SF:src\modules\auth\dto\auth.dto.ts
FNF:0
FNH:0
DA:1,1
DA:3,1
DA:6,1
DA:10,1
DA:13,1
DA:16,1
DA:19,1
DA:22,1
DA:26,1
LF:9
LH:9
BRF:0
BRH:0
end_of_record
TN:
SF:src\modules\auth\dto\token.dto.ts
FNF:0
FNH:0
DA:1,1
DA:4,1
DA:7,1
LF:3
LH:3
BRF:0
BRH:0
end_of_record
TN:
SF:src\modules\auth\entity\refreshToken.entity.ts
FN:5,(anonymous_3)
FN:28,(anonymous_4)
FNF:2
FNH:2
FNDA:1,(anonymous_3)
FNDA:1,(anonymous_4)
DA:1,1
DA:2,1
DA:5,1
DA:7,1
DA:10,1
DA:13,1
DA:16,1
DA:19,1
DA:23,1
DA:26,1
DA:28,1
DA:30,1
DA:33,1
DA:37,1
DA:40,1
DA:43,1
LF:16
LH:16
BRF:0
BRH:0
end_of_record
TN:
SF:src\modules\auth\repository\refreshToken.repository.ts
FN:11,(anonymous_9)
FN:19,(anonymous_11)
FN:24,(anonymous_13)
FNF:3
FNH:0
FNDA:0,(anonymous_9)
FNDA:0,(anonymous_11)
FNDA:0,(anonymous_13)
DA:1,1
DA:2,1
DA:4,1
DA:6,1
DA:9,1
DA:12,0
DA:13,0
DA:14,0
DA:16,0
DA:20,0
DA:21,0
DA:25,0
DA:26,0
DA:27,0
DA:28,0
DA:29,0
DA:31,0
LF:17
LH:5
BRDA:27,0,0,0
BRF:1
BRH:0
end_of_record
TN:
SF:src\modules\auth\services\auth.service.ts
FN:19,(anonymous_8)
FN:25,(anonymous_9)
FN:33,(anonymous_11)
FN:38,(anonymous_13)
FN:47,(anonymous_15)
FN:61,(anonymous_17)
FNF:6
FNH:0
FNDA:0,(anonymous_8)
FNDA:0,(anonymous_9)
FNDA:0,(anonymous_11)
FNDA:0,(anonymous_13)
FNDA:0,(anonymous_15)
FNDA:0,(anonymous_17)
DA:1,1
DA:3,1
DA:4,1
DA:7,1
DA:9,1
DA:10,1
DA:11,1
DA:14,1
DA:20,0
DA:21,0
DA:22,0
DA:26,0
DA:27,0
DA:28,0
DA:29,0
DA:30,0
DA:34,0
DA:35,0
DA:39,0
DA:40,0
DA:41,0
DA:42,0
DA:48,0
DA:49,0
DA:51,0
DA:52,0
DA:54,0
DA:56,0
DA:57,0
DA:62,0
DA:63,0
DA:65,0
DA:66,0
DA:68,0
LF:34
LH:8
BRDA:29,0,0,0
BRF:1
BRH:0
end_of_record
TN:
SF:src\modules\auth\services\index.ts
FN:1,(anonymous_1)
FN:2,(anonymous_2)
FNF:2
FNH:0
FNDA:0,(anonymous_1)
FNDA:0,(anonymous_2)
DA:1,1
DA:2,1
LF:2
LH:2
BRF:0
BRH:0
end_of_record
TN:
SF:src\modules\auth\services\token.service.ts
FN:34,(anonymous_8)
FN:42,(anonymous_9)
FN:69,(anonymous_11)
FN:89,(anonymous_13)
FN:99,(anonymous_15)
FN:103,(anonymous_17)
FN:114,(anonymous_19)
FN:124,(anonymous_21)
FN:129,(anonymous_22)
FN:134,(anonymous_23)
FNF:10
FNH:0
FNDA:0,(anonymous_8)
FNDA:0,(anonymous_9)
FNDA:0,(anonymous_11)
FNDA:0,(anonymous_13)
FNDA:0,(anonymous_15)
FNDA:0,(anonymous_17)
FNDA:0,(anonymous_19)
FNDA:0,(anonymous_21)
FNDA:0,(anonymous_22)
FNDA:0,(anonymous_23)
DA:2,1
DA:3,1
DA:4,1
DA:5,1
DA:6,1
DA:7,1
DA:8,1
DA:9,1
DA:11,1
DA:12,1
DA:25,1
DA:28,1
DA:35,0
DA:36,0
DA:37,0
DA:38,0
DA:39,0
DA:43,0
DA:44,0
DA:49,0
DA:54,0
DA:60,0
DA:62,0
DA:63,0
DA:65,0
DA:66,0
DA:70,0
DA:71,0
DA:72,0
DA:74,0
DA:76,0
DA:80,0
DA:86,0
DA:90,0
DA:91,0
DA:96,0
DA:100,0
DA:104,0
DA:105,0
DA:107,0
DA:109,0
DA:111,0
DA:115,0
DA:119,0
DA:120,0
DA:121,0
DA:125,0
DA:126,0
DA:130,0
DA:131,0
DA:135,0
DA:136,0
DA:139,0
DA:144,0
DA:145,0
DA:146,0
LF:56
LH:12
BRDA:56,0,0,0
BRDA:56,0,1,0
BRDA:107,1,0,0
BRDA:107,2,0,0
BRDA:107,2,1,0
BRDA:107,3,0,0
BRDA:107,3,1,0
BRDA:120,4,0,0
BRDA:120,5,0,0
BRDA:120,5,1,0
BRDA:145,6,0,0
BRDA:145,7,0,0
BRDA:145,7,1,0
BRF:13
BRH:0
end_of_record
TN:
SF:src\modules\auth\subsciber\refreshToken.subscriber.ts
FN:12,(anonymous_9)
FN:22,(anonymous_11)
FNF:2
FNH:1
FNDA:0,(anonymous_9)
FNDA:20,(anonymous_11)
DA:2,1
DA:7,1
DA:10,1
DA:23,20
LF:4
LH:4
BRF:0
BRH:0
end_of_record
TN:
SF:src\modules\user\controller\user.controller.ts
FN:12,(anonymous_12)
FN:17,(anonymous_13)
FN:24,(anonymous_15)
FN:32,(anonymous_17)
FN:40,(anonymous_19)
FNF:5
FNH:2
FNDA:1,(anonymous_12)
FNDA:2,(anonymous_13)
FNDA:0,(anonymous_15)
FNDA:0,(anonymous_17)
FNDA:0,(anonymous_19)
DA:1,1
DA:3,1
DA:4,1
DA:6,1
DA:7,1
DA:10,1
DA:13,1
DA:17,1
DA:18,2
DA:19,1
DA:24,1
DA:25,0
DA:26,0
DA:27,0
DA:32,1
DA:33,0
DA:34,0
DA:35,0
DA:40,1
DA:41,0
DA:42,0
DA:43,0
LF:22
LH:13
BRF:0
BRH:0
end_of_record
TN:
SF:src\modules\user\dto\user.dto.ts
FNF:0
FNH:0
DA:1,1
DA:3,1
DA:6,1
DA:10,1
DA:14,1
DA:18,1
DA:22,1
DA:25,1
DA:28,1
DA:32,1
DA:36,1
DA:40,1
DA:43,1
DA:46,1
DA:50,1
LF:15
LH:15
BRF:0
BRH:0
end_of_record
TN:
SF:src\modules\user\entity\user.entity.ts
FNF:0
FNH:0
DA:1,1
DA:13,1
DA:15,1
DA:18,1
DA:21,1
DA:24,1
DA:27,1
DA:30,1
DA:33,1
DA:36,1
DA:39,1
LF:11
LH:11
BRF:0
BRH:0
end_of_record
TN:
SF:src\modules\user\repository\user.repository.ts
FN:9,(anonymous_9)
FN:21,(anonymous_11)
FNF:2
FNH:1
FNDA:2,(anonymous_9)
FNDA:0,(anonymous_11)
DA:1,1
DA:2,1
DA:3,1
DA:8,1
DA:10,2
DA:11,2
DA:12,2
DA:13,1
DA:16,1
DA:17,0
DA:22,0
DA:23,0
DA:24,0
DA:25,0
DA:26,0
DA:28,0
LF:16
LH:9
BRDA:16,0,0,1
BRDA:16,1,0,1
BRDA:16,1,1,0
BRF:3
BRH:2
end_of_record
TN:
SF:src\modules\user\services\user.service.ts
FN:13,(anonymous_7)
FN:17,(anonymous_8)
FN:25,(anonymous_10)
FN:29,(anonymous_12)
FN:34,(anonymous_14)
FN:39,(anonymous_16)
FN:47,(anonymous_18)
FNF:7
FNH:2
FNDA:1,(anonymous_7)
FNDA:2,(anonymous_8)
FNDA:0,(anonymous_10)
FNDA:0,(anonymous_12)
FNDA:0,(anonymous_14)
FNDA:0,(anonymous_16)
FNDA:0,(anonymous_18)
DA:1,1
DA:2,1
DA:3,1
DA:5,1
DA:6,1
DA:11,1
DA:14,1
DA:18,2
DA:19,2
DA:20,1
DA:22,1
DA:26,0
DA:27,0
DA:30,0
DA:31,0
DA:35,0
DA:36,0
DA:40,0
DA:41,0
DA:42,0
DA:43,0
DA:44,0
DA:48,0
DA:49,0
LF:24
LH:11
BRDA:43,0,0,0
BRF:1
BRH:0
end_of_record
TN:
SF:src\modules\user\subscriber\user.subscriber.ts
FN:13,(anonymous_9)
FN:17,(anonymous_10)
FN:29,(anonymous_12)
FN:33,(anonymous_14)
FNF:4
FNH:3
FNDA:3,(anonymous_9)
FNDA:0,(anonymous_10)
FNDA:3,(anonymous_12)
FNDA:15,(anonymous_14)
DA:1,1
DA:2,1
DA:8,1
DA:11,1
DA:14,3
DA:19,0
DA:21,0
DA:22,0
DA:24,0
DA:25,0
DA:30,3
DA:34,15
LF:12
LH:7
BRDA:19,0,0,0
BRDA:19,1,0,0
BRDA:19,1,1,0
BRDA:19,2,0,0
BRDA:19,2,1,0
BRDA:19,3,0,0
BRDA:19,3,1,0
BRDA:21,4,0,0
BRDA:21,4,1,0
BRDA:21,5,0,0
BRDA:21,5,1,0
BRDA:21,6,0,0
BRDA:21,6,1,0
BRDA:21,7,0,0
BRDA:21,7,1,0
BRDA:21,8,0,0
BRDA:21,8,1,0
BRDA:21,9,0,0
BRDA:21,9,1,0
BRDA:21,10,0,0
BRDA:21,10,1,0
BRDA:21,11,0,0
BRDA:21,11,1,0
BRDA:30,12,0,3
BRF:24
BRH:1
end_of_record
TN:
SF:src\providers\jwt\jwt.service.ts
FN:15,(anonymous_8)
FN:24,(anonymous_9)
FN:25,(anonymous_10)
FN:30,(anonymous_11)
FN:40,(anonymous_12)
FN:44,(anonymous_13)
FN:45,(anonymous_15)
FN:46,(anonymous_16)
FNF:8
FNH:0
FNDA:0,(anonymous_8)
FNDA:0,(anonymous_9)
FNDA:0,(anonymous_10)
FNDA:0,(anonymous_11)
FNDA:0,(anonymous_12)
FNDA:0,(anonymous_13)
FNDA:0,(anonymous_15)
FNDA:0,(anonymous_16)
DA:1,1
DA:2,1
DA:3,1
DA:4,1
DA:7,1
DA:16,0
DA:25,0
DA:26,0
DA:31,0
DA:32,0
DA:33,0
DA:35,0
DA:41,0
DA:45,0
DA:46,0
DA:47,0
DA:48,0
DA:49,0
DA:50,0
DA:52,0
LF:20
LH:5
BRDA:29,0,0,0
BRDA:29,0,1,0
BRDA:31,1,0,0
BRDA:47,2,0,0
BRDA:47,3,0,0
BRDA:47,3,1,0
BRDA:49,4,0,0
BRF:7
BRH:0
end_of_record
TN:
SF:src\providers\mailer\email.queue.ts
FN:12,(anonymous_8)
FN:26,(anonymous_9)
FN:27,(anonymous_10)
FN:29,(anonymous_11)
FN:33,(anonymous_12)
FN:41,(anonymous_13)
FN:43,(anonymous_14)
FN:44,(anonymous_15)
FN:44,(anonymous_16)
FNF:9
FNH:0
FNDA:0,(anonymous_8)
FNDA:0,(anonymous_9)
FNDA:0,(anonymous_10)
FNDA:0,(anonymous_11)
FNDA:0,(anonymous_12)
FNDA:0,(anonymous_13)
FNDA:0,(anonymous_14)
FNDA:0,(anonymous_15)
FNDA:0,(anonymous_16)
DA:2,1
DA:3,1
DA:5,1
DA:6,1
DA:7,1
DA:8,1
DA:9,1
DA:11,1
DA:13,0
DA:23,0
DA:27,0
DA:28,0
DA:30,0
DA:31,0
DA:34,0
DA:35,0
DA:42,0
DA:43,0
DA:44,0
DA:45,0
DA:46,0
DA:48,0
DA:60,0
DA:62,0
DA:65,0
DA:66,0
DA:70,0
LF:27
LH:8
BRDA:51,0,0,0
BRDA:51,0,1,0
BRDA:52,1,0,0
BRDA:52,1,1,0
BRF:4
BRH:0
end_of_record
TN:
SF:src\providers\mailer\email.service.ts
FN:7,(anonymous_7)
FN:9,(anonymous_8)
FN:9,(anonymous_9)
FN:21,(anonymous_10)
FN:22,(anonymous_11)
FN:45,(anonymous_12)
FNF:6
FNH:1
FNDA:1,(anonymous_7)
FNDA:0,(anonymous_8)
FNDA:0,(anonymous_9)
FNDA:0,(anonymous_10)
FNDA:0,(anonymous_11)
FNDA:0,(anonymous_12)
DA:1,1
DA:2,1
DA:3,1
DA:5,1
DA:9,1
DA:10,0
DA:11,0
DA:17,0
DA:21,0
DA:22,0
DA:23,0
DA:25,0
DA:29,0
DA:42,0
DA:46,0
DA:47,0
DA:48,0
DA:50,0
DA:55,1
LF:19
LH:6
BRDA:23,0,0,0
BRF:1
BRH:0
end_of_record
TN:
SF:src\providers\mailer\index.ts
FN:1,(anonymous_1)
FNF:1
FNH:0
FNDA:0,(anonymous_1)
DA:1,1
LF:1
LH:1
BRF:0
BRH:0
end_of_record
TN:
SF:src\utils\cache.util.ts
FN:7,(anonymous_8)
FN:10,(anonymous_9)
FN:18,(anonymous_10)
FN:26,(anonymous_11)
FN:27,(anonymous_12)
FN:28,(anonymous_13)
FN:40,(anonymous_14)
FN:41,(anonymous_16)
FN:42,(anonymous_17)
FNF:9
FNH:2
FNDA:1,(anonymous_8)
FNDA:0,(anonymous_9)
FNDA:1,(anonymous_10)
FNDA:0,(anonymous_11)
FNDA:0,(anonymous_12)
FNDA:0,(anonymous_13)
FNDA:0,(anonymous_14)
FNDA:0,(anonymous_16)
FNDA:0,(anonymous_17)
DA:1,1
DA:3,1
DA:8,1
DA:11,0
DA:12,0
DA:13,0
DA:19,1
DA:20,1
DA:22,1
DA:27,0
DA:28,0
DA:29,0
DA:30,0
DA:31,0
DA:33,0
DA:34,0
DA:41,0
DA:42,0
DA:43,0
DA:44,0
DA:45,0
DA:47,0
DA:55,1
LF:23
LH:7
BRDA:12,0,0,0
BRDA:19,1,0,1
BRDA:29,2,0,0
BRDA:43,3,0,0
BRDA:47,4,0,0
BRDA:47,4,1,0
BRF:6
BRH:1
end_of_record
TN:
SF:src\utils\error-response.util.ts
FN:12,(anonymous_0)
FN:27,(anonymous_1)
FN:31,(anonymous_2)
FN:59,(anonymous_3)
FN:62,(anonymous_4)
FN:66,(anonymous_5)
FN:69,(anonymous_6)
FN:73,(anonymous_7)
FN:76,(anonymous_8)
FN:80,(anonymous_9)
FN:83,(anonymous_10)
FN:87,(anonymous_11)
FN:90,(anonymous_12)
FN:94,(anonymous_13)
FN:97,(anonymous_14)
FN:101,(anonymous_15)
FN:107,(anonymous_16)
FNF:17
FNH:7
FNDA:1,(anonymous_0)
FNDA:2,(anonymous_1)
FNDA:2,(anonymous_2)
FNDA:0,(anonymous_3)
FNDA:0,(anonymous_4)
FNDA:0,(anonymous_5)
FNDA:0,(anonymous_6)
FNDA:1,(anonymous_7)
FNDA:1,(anonymous_8)
FNDA:1,(anonymous_9)
FNDA:1,(anonymous_10)
FNDA:0,(anonymous_11)
FNDA:0,(anonymous_12)
FNDA:0,(anonymous_13)
FNDA:0,(anonymous_14)
FNDA:0,(anonymous_15)
FNDA:0,(anonymous_16)
DA:1,1
DA:3,1
DA:12,1
DA:13,1
DA:14,1
DA:15,1
DA:16,1
DA:17,1
DA:18,1
DA:19,1
DA:20,1
DA:21,1
DA:22,1
DA:23,1
DA:26,1
DA:27,2
DA:28,2
DA:33,2
DA:35,0
DA:37,0
DA:39,1
DA:43,0
DA:45,1
DA:47,0
DA:49,0
DA:51,0
DA:52,0
DA:58,1
DA:60,0
DA:62,0
DA:65,1
DA:67,0
DA:69,0
DA:72,1
DA:74,1
DA:76,1
DA:79,1
DA:81,1
DA:83,1
DA:86,1
DA:88,0
DA:90,0
DA:93,1
DA:95,0
DA:97,0
DA:100,1
DA:102,0
DA:106,1
DA:108,0
LF:49
LH:32
BRDA:12,0,0,1
BRDA:12,0,1,1
BRDA:27,1,0,0
BRDA:33,2,0,0
BRDA:33,2,1,0
BRDA:33,2,2,1
BRDA:33,2,3,0
BRDA:33,2,4,0
BRDA:33,2,5,0
BRDA:33,2,6,1
BRDA:33,2,7,0
BRDA:33,2,8,0
BRDA:51,3,0,0
BRDA:59,4,0,0
BRDA:66,5,0,0
BRDA:73,6,0,0
BRDA:80,7,0,0
BRDA:87,8,0,0
BRDA:94,9,0,0
BRDA:101,10,0,0
BRDA:107,11,0,0
BRF:21
BRH:4
end_of_record
TN:
SF:src\utils\logger.util.ts
FN:13,(anonymous_14)
FN:34,(anonymous_15)
FN:51,(anonymous_16)
FN:51,(anonymous_17)
FNF:4
FNH:2
FNDA:1,(anonymous_14)
FNDA:4,(anonymous_15)
FNDA:0,(anonymous_16)
FNDA:0,(anonymous_17)
DA:1,1
DA:2,1
DA:3,1
DA:5,1
DA:13,1
DA:14,1
DA:15,1
DA:16,1
DA:19,1
DA:27,1
DA:29,1
DA:34,4
DA:38,1
DA:44,1
DA:51,1
DA:52,0
LF:16
LH:15
BRDA:14,0,0,1
BRDA:14,0,1,0
BRDA:16,1,0,0
BRDA:16,1,1,1
BRF:4
BRH:2
end_of_record
TN:
SF:src\utils\response.util.ts
FN:6,(anonymous_0)
FN:21,(anonymous_1)
FN:38,(anonymous_2)
FN:52,(anonymous_3)
FN:57,(anonymous_4)
FN:61,(anonymous_5)
FN:72,(anonymous_6)
FN:75,(anonymous_7)
FN:79,(anonymous_8)
FN:87,(anonymous_9)
FN:91,(anonymous_10)
FN:98,(anonymous_11)
FN:104,(anonymous_12)
FN:110,(anonymous_13)
FN:116,(anonymous_14)
FN:122,(anonymous_15)
FN:128,(anonymous_16)
FNF:17
FNH:10
FNDA:1,(anonymous_0)
FNDA:1,(anonymous_1)
FNDA:3,(anonymous_2)
FNDA:3,(anonymous_3)
FNDA:2,(anonymous_4)
FNDA:3,(anonymous_5)
FNDA:1,(anonymous_6)
FNDA:1,(anonymous_7)
FNDA:0,(anonymous_8)
FNDA:0,(anonymous_9)
FNDA:0,(anonymous_10)
FNDA:0,(anonymous_11)
FNDA:1,(anonymous_12)
FNDA:0,(anonymous_13)
FNDA:1,(anonymous_14)
FNDA:0,(anonymous_15)
FNDA:0,(anonymous_16)
DA:1,1
DA:2,1
DA:6,1
DA:7,1
DA:8,1
DA:9,1
DA:10,1
DA:11,1
DA:12,1
DA:13,1
DA:16,1
DA:21,1
DA:22,1
DA:23,1
DA:24,1
DA:25,1
DA:26,1
DA:27,1
DA:28,1
DA:39,3
DA:40,3
DA:41,3
DA:42,3
DA:44,3
DA:45,3
DA:46,3
DA:47,3
DA:48,3
DA:53,3
DA:54,3
DA:58,2
DA:62,3
DA:63,3
DA:65,27
DA:66,3
DA:67,3
DA:71,1
DA:72,1
DA:73,1
DA:75,1
DA:78,1
DA:80,0
DA:84,1
DA:88,0
DA:92,0
DA:93,0
DA:97,1
DA:99,0
DA:103,1
DA:105,1
DA:109,1
DA:111,0
DA:115,1
DA:117,1
DA:121,1
DA:123,0
DA:127,1
DA:129,0
LF:58
LH:50
BRDA:6,0,0,1
BRDA:6,0,1,1
BRDA:21,1,0,1
BRDA:21,1,1,1
BRDA:65,2,0,1
BRDA:79,3,0,0
BRDA:87,4,0,0
BRDA:92,5,0,0
BRDA:92,5,1,0
BRDA:92,6,0,0
BRDA:92,6,1,0
BRDA:98,7,0,0
BRDA:104,8,0,0
BRDA:110,9,0,0
BRDA:110,10,0,0
BRDA:111,11,0,0
BRDA:111,11,1,0
BRDA:116,12,0,0
BRF:18
BRH:5
end_of_record
TN:
SF:src\utils\tokens.util.ts
FN:4,(anonymous_7)
FN:4,(anonymous_8)
FNF:2
FNH:0
FNDA:0,(anonymous_7)
FNDA:0,(anonymous_8)
DA:1,1
DA:4,1
DA:5,0
DA:6,0
LF:4
LH:2
BRF:0
BRH:0
end_of_record
TN:
SF:src\utils\util-types.ts
FN:41,(anonymous_2)
FNF:1
FNH:1
FNDA:1,(anonymous_2)
DA:1,1
DA:5,1
DA:7,1
DA:10,1
DA:13,1
DA:16,1
DA:19,1
DA:22,1
DA:25,1
DA:31,1
DA:35,1
DA:41,1
DA:42,1
LF:13
LH:13
BRDA:41,0,0,1
BRDA:41,0,1,1
BRF:2
BRH:2
end_of_record
TN:
SF:test\unit\helpers\user.ts
FN:22,dummy
FN:32,createDummy
FNF:2
FNH:2
FNDA:3,dummy
FNDA:1,createDummy
DA:1,1
DA:2,1
DA:22,1
DA:23,3
DA:32,1
DA:33,1
DA:34,1
DA:35,1
DA:36,1
LF:9
LH:9
BRF:0
BRH:0
end_of_record
